Using pre-set license
Built from '2021.2/staging' branch; Version is '2021.2.7f1 (6bd9e232123f) revision 7068130'; Using compiler version '192829333'; Build Type 'Release'
OS: 'Windows 10  (10.0.19042) 64bit Professional' Language: 'es' Physical Memory: 14267 MB
BatchMode: 1, IsHumanControllingUs: 0, StartBugReporterOnCrash: 0, Is64bit: 1, IsPro: 0

COMMAND LINE ARGUMENTS:
E:\Program Files\Unity\2021.2.7f1\Editor\Unity.exe
-adb2
-batchMode
-noUpm
-name
AssetImportWorker1
-projectPath
E:/Games/Unity Projects/Test_Sistema_Solar
-logFile
Logs/AssetImportWorker1.log
-srvPort
61042
Successfully changed project path to: E:/Games/Unity Projects/Test_Sistema_Solar
E:/Games/Unity Projects/Test_Sistema_Solar
[UnityMemory] Configuration Parameters - Can be set up in boot.config
    "memorysetup-bucket-allocator-granularity=16"
    "memorysetup-bucket-allocator-bucket-count=8"
    "memorysetup-bucket-allocator-block-size=33554432"
    "memorysetup-bucket-allocator-block-count=8"
    "memorysetup-main-allocator-block-size=16777216"
    "memorysetup-thread-allocator-block-size=16777216"
    "memorysetup-gfx-main-allocator-block-size=16777216"
    "memorysetup-gfx-thread-allocator-block-size=16777216"
    "memorysetup-cache-allocator-block-size=4194304"
    "memorysetup-typetree-allocator-block-size=2097152"
    "memorysetup-profiler-bucket-allocator-granularity=16"
    "memorysetup-profiler-bucket-allocator-bucket-count=8"
    "memorysetup-profiler-bucket-allocator-block-size=33554432"
    "memorysetup-profiler-bucket-allocator-block-count=8"
    "memorysetup-profiler-allocator-block-size=16777216"
    "memorysetup-profiler-editor-allocator-block-size=1048576"
    "memorysetup-temp-allocator-size-main=16777216"
    "memorysetup-job-temp-allocator-block-size=2097152"
    "memorysetup-job-temp-allocator-block-size-background=1048576"
    "memorysetup-job-temp-allocator-reduction-small-platforms=262144"
    "memorysetup-temp-allocator-size-background-worker=32768"
    "memorysetup-temp-allocator-size-job-worker=262144"
    "memorysetup-temp-allocator-size-preload-manager=33554432"
    "memorysetup-temp-allocator-size-nav-mesh-worker=65536"
    "memorysetup-temp-allocator-size-audio-worker=65536"
    "memorysetup-temp-allocator-size-cloud-worker=32768"
    "memorysetup-temp-allocator-size-gi-baking-worker=262144"
    "memorysetup-temp-allocator-size-gfx=262144"
Refreshing native plugins compatible for Editor in 94.24 ms, found 3 plugins.
Preloading 0 native plugins for Editor in 0.00 ms.
Initialize engine version: 2021.2.7f1 (6bd9e232123f)
[Subsystems] Discovering subsystems at path E:/Program Files/Unity/2021.2.7f1/Editor/Data/Resources/UnitySubsystems
[Subsystems] Discovering subsystems at path E:/Games/Unity Projects/Test_Sistema_Solar/Assets
GfxDevice: creating device client; threaded=0; jobified=0
Direct3D:
    Version:  Direct3D 11.0 [level 11.1]
    Renderer: AMD Radeon(TM) RX Vega 11 Graphics (ID=0x15d8)
    Vendor:   ATI
    VRAM:     7133 MB
    Driver:   30.0.13014.8
Initialize mono
Mono path[0] = 'E:/Program Files/Unity/2021.2.7f1/Editor/Data/Managed'
Mono path[1] = 'E:/Program Files/Unity/2021.2.7f1/Editor/Data/MonoBleedingEdge/lib/mono/unityjit-win32'
Mono config path = 'E:/Program Files/Unity/2021.2.7f1/Editor/Data/MonoBleedingEdge/etc'
Using monoOptions --debugger-agent=transport=dt_socket,embedding=1,server=y,suspend=n,address=127.0.0.1:56636
Begin MonoManager ReloadAssembly
Registering precompiled unity dll's ...
Register platform support module: E:/Program Files/Unity/2021.2.7f1/Editor/Data/PlaybackEngines/WindowsStandaloneSupport/UnityEditor.WindowsStandalone.Extensions.dll
Registered in 0.003815 seconds.
Native extension for WindowsStandalone target not found
Refreshing native plugins compatible for Editor in 90.42 ms, found 3 plugins.
Preloading 0 native plugins for Editor in 0.00 ms.
Mono: successfully reloaded assembly
- Completed reload, in  0.768 seconds
Domain Reload Profiling:
	ReloadAssembly (768ms)
		BeginReloadAssembly (110ms)
			ExecutionOrderSort (0ms)
			DisableScriptedObjects (0ms)
			BackupInstance (0ms)
			ReleaseScriptingObjects (0ms)
			CreateAndSetChildDomain (1ms)
		EndReloadAssembly (564ms)
			LoadAssemblies (109ms)
			RebuildTransferFunctionScriptingTraits (0ms)
			SetupTypeCache (136ms)
			ReleaseScriptCaches (0ms)
			RebuildScriptCaches (32ms)
			SetupLoadedEditorAssemblies (336ms)
				LogAssemblyErrors (0ms)
				InitializePlatformSupportModulesInManaged (17ms)
				SetLoadedEditorAssemblies (0ms)
				RefreshPlugins (90ms)
				BeforeProcessingInitializeOnLoad (1ms)
				ProcessInitializeOnLoadAttributes (165ms)
				ProcessInitializeOnLoadMethodAttributes (62ms)
				AfterProcessingInitializeOnLoad (0ms)
				EditorAssembliesLoaded (0ms)
			ExecutionOrderSort2 (0ms)
			AwakeInstancesAfterBackupRestoration (0ms)
Platform modules already initialized, skipping
Registering precompiled user dll's ...
Registered in 0.006506 seconds.
Begin MonoManager ReloadAssembly
Symbol file LoadedFromMemory doesn't match image E:\Games\Unity Projects\Test_Sistema_Solar\Library\PackageCache\com.unity.visualscripting@1.7.6\Editor\VisualScripting.Core\Dependencies\YamlDotNet\Unity.VisualScripting.YamlDotNet.dll
Symbol file LoadedFromMemory doesn't match image E:\Games\Unity Projects\Test_Sistema_Solar\Library\PackageCache\com.unity.visualscripting@1.7.6\Editor\VisualScripting.Core\Dependencies\DotNetZip\Unity.VisualScripting.IonicZip.dll
Native extension for WindowsStandalone target not found
Refreshing native plugins compatible for Editor in 0.96 ms, found 3 plugins.
Preloading 0 native plugins for Editor in 0.00 ms.
Mono: successfully reloaded assembly
- Completed reload, in  1.263 seconds
Domain Reload Profiling:
	ReloadAssembly (1264ms)
		BeginReloadAssembly (157ms)
			ExecutionOrderSort (0ms)
			DisableScriptedObjects (7ms)
			BackupInstance (0ms)
			ReleaseScriptingObjects (0ms)
			CreateAndSetChildDomain (27ms)
		EndReloadAssembly (992ms)
			LoadAssemblies (127ms)
			RebuildTransferFunctionScriptingTraits (0ms)
			SetupTypeCache (337ms)
			ReleaseScriptCaches (1ms)
			RebuildScriptCaches (65ms)
			SetupLoadedEditorAssemblies (441ms)
				LogAssemblyErrors (0ms)
				InitializePlatformSupportModulesInManaged (14ms)
				SetLoadedEditorAssemblies (1ms)
				RefreshPlugins (1ms)
				BeforeProcessingInitializeOnLoad (105ms)
				ProcessInitializeOnLoadAttributes (286ms)
				ProcessInitializeOnLoadMethodAttributes (29ms)
				AfterProcessingInitializeOnLoad (5ms)
				EditorAssembliesLoaded (0ms)
			ExecutionOrderSort2 (0ms)
			AwakeInstancesAfterBackupRestoration (10ms)
Platform modules already initialized, skipping
========================================================================
Worker process is ready to serve import requests
Launched and connected shader compiler UnityShaderCompiler.exe after 0.07 seconds
Refreshing native plugins compatible for Editor in 0.56 ms, found 3 plugins.
Preloading 0 native plugins for Editor in 0.00 ms.
Unloading 3213 Unused Serialized files (Serialized files now loaded: 0)
Unloading 26 unused Assets / (112.5 KB). Loaded Objects now: 3669.
Memory consumption went from 111.9 MB to 111.8 MB.
Total: 3.343200 ms (FindLiveObjects: 0.295500 ms CreateObjectMapping: 0.083900 ms MarkObjects: 2.852400 ms  DeleteObjects: 0.110100 ms)

AssetImportParameters requested are different than current active one (requested -> active):
  custom:video-decoder-ogg-theora: a1e56fd34408186e4bbccfd4996cb3dc -> 
  custom:container-muxer-webm: aa71ff27fc2769a1b78a27578f13a17b -> 
  custom:container-demuxer-webm: 4f35f7cbe854078d1ac9338744f61a02 -> 
  custom:video-encoder-webm-vp8: eb34c28f22e8b96e1ab97ce403110664 -> 
  custom:audio-encoder-webm-vorbis: bf7c407c2cedff20999df2af8eb42d56 -> 
  custom:framework-win-MediaFoundation: 216162199b28c13a410421893ffa2e32 -> 
  custom:container-demuxer-ogg: 62fdf1f143b41e24485cea50d1cbac27 -> 
  custom:video-decoder-webm-vp8: 9c59270c3fd7afecdb556c50c9e8de78 -> 
  custom:audio-decoder-ogg-vorbis: bf7c407c2cedff20999df2af8eb42d56 -> 
========================================================================
Received Import Request.
  Time since last request: 48336.960908 seconds.
  path: Assets
  artifactKey: Guid(00000000000000001000000000000000) Importer(815301076,1909f56bfc062723c751e8b465ee728b)
Start importing Assets using Guid(00000000000000001000000000000000) Importer(815301076,1909f56bfc062723c751e8b465ee728b)  -> (artifact id: '79842766b460edbeab6a34051e857a80') in 0.011084 seconds 
========================================================================
Received Prepare
Registering precompiled user dll's ...
Registered in 0.007593 seconds.
Begin MonoManager ReloadAssembly
Symbol file LoadedFromMemory doesn't match image E:\Games\Unity Projects\Test_Sistema_Solar\Library\PackageCache\com.unity.visualscripting@1.7.6\Editor\VisualScripting.Core\Dependencies\YamlDotNet\Unity.VisualScripting.YamlDotNet.dll
Symbol file LoadedFromMemory doesn't match image E:\Games\Unity Projects\Test_Sistema_Solar\Library\PackageCache\com.unity.visualscripting@1.7.6\Editor\VisualScripting.Core\Dependencies\DotNetZip\Unity.VisualScripting.IonicZip.dll
Native extension for WindowsStandalone target not found
Refreshing native plugins compatible for Editor in 0.86 ms, found 3 plugins.
Preloading 0 native plugins for Editor in 0.00 ms.
Mono: successfully reloaded assembly
- Completed reload, in  1.320 seconds
Domain Reload Profiling:
	ReloadAssembly (1321ms)
		BeginReloadAssembly (189ms)
			ExecutionOrderSort (0ms)
			DisableScriptedObjects (7ms)
			BackupInstance (0ms)
			ReleaseScriptingObjects (0ms)
			CreateAndSetChildDomain (42ms)
		EndReloadAssembly (1003ms)
			LoadAssemblies (139ms)
			RebuildTransferFunctionScriptingTraits (0ms)
			SetupTypeCache (372ms)
			ReleaseScriptCaches (2ms)
			RebuildScriptCaches (63ms)
			SetupLoadedEditorAssemblies (385ms)
				LogAssemblyErrors (0ms)
				InitializePlatformSupportModulesInManaged (18ms)
				SetLoadedEditorAssemblies (1ms)
				RefreshPlugins (1ms)
				BeforeProcessingInitializeOnLoad (86ms)
				ProcessInitializeOnLoadAttributes (247ms)
				ProcessInitializeOnLoadMethodAttributes (27ms)
				AfterProcessingInitializeOnLoad (4ms)
				EditorAssembliesLoaded (0ms)
			ExecutionOrderSort2 (0ms)
			AwakeInstancesAfterBackupRestoration (9ms)
Platform modules already initialized, skipping
Refreshing native plugins compatible for Editor in 0.59 ms, found 3 plugins.
Preloading 0 native plugins for Editor in 0.00 ms.
Unloading 3209 Unused Serialized files (Serialized files now loaded: 0)
Unloading 21 unused Assets / (79.2 KB). Loaded Objects now: 3672.
Memory consumption went from 111.9 MB to 111.8 MB.
Total: 4.290900 ms (FindLiveObjects: 0.326000 ms CreateObjectMapping: 0.123800 ms MarkObjects: 3.711600 ms  DeleteObjects: 0.128200 ms)

AssetImportParameters requested are different than current active one (requested -> active):
  custom:video-decoder-ogg-theora: a1e56fd34408186e4bbccfd4996cb3dc -> 
  custom:container-muxer-webm: aa71ff27fc2769a1b78a27578f13a17b -> 
  custom:container-demuxer-webm: 4f35f7cbe854078d1ac9338744f61a02 -> 
  custom:video-encoder-webm-vp8: eb34c28f22e8b96e1ab97ce403110664 -> 
  custom:audio-encoder-webm-vorbis: bf7c407c2cedff20999df2af8eb42d56 -> 
  custom:framework-win-MediaFoundation: 216162199b28c13a410421893ffa2e32 -> 
  custom:container-demuxer-ogg: 62fdf1f143b41e24485cea50d1cbac27 -> 
  custom:video-decoder-webm-vp8: 9c59270c3fd7afecdb556c50c9e8de78 -> 
  custom:audio-decoder-ogg-vorbis: bf7c407c2cedff20999df2af8eb42d56 -> 
========================================================================
Received Import Request.
  Time since last request: 46.071708 seconds.
  path: Assets/Solar System/ImageTargets/Jupiter.jpg
  artifactKey: Guid(36cbf518555193a4284cbb2fb6958bc3) Importer(815301076,1909f56bfc062723c751e8b465ee728b)
Start importing Assets/Solar System/ImageTargets/Jupiter.jpg using Guid(36cbf518555193a4284cbb2fb6958bc3) Importer(815301076,1909f56bfc062723c751e8b465ee728b)  -> (artifact id: 'fe38395a3f22f03436ba449cb70701f7') in 0.178750 seconds 
========================================================================
Received Import Request.
  Time since last request: 0.000024 seconds.
  path: Assets/Solar System/ImageTargets/Sun.jpg
  artifactKey: Guid(7d32f48764918fa4a909b790b64a375e) Importer(815301076,1909f56bfc062723c751e8b465ee728b)
Start importing Assets/Solar System/ImageTargets/Sun.jpg using Guid(7d32f48764918fa4a909b790b64a375e) Importer(815301076,1909f56bfc062723c751e8b465ee728b)  -> (artifact id: 'dd78da2d17018df1f470bce5b0c8af2c') in 0.019512 seconds 
========================================================================
Received Import Request.
  Time since last request: 0.000033 seconds.
  path: Assets/Solar System/ImageTargets/Mercury.jpg
  artifactKey: Guid(9e732e240f1ff6f44ae8c13c5f549b4b) Importer(815301076,1909f56bfc062723c751e8b465ee728b)
Start importing Assets/Solar System/ImageTargets/Mercury.jpg using Guid(9e732e240f1ff6f44ae8c13c5f549b4b) Importer(815301076,1909f56bfc062723c751e8b465ee728b)  -> (artifact id: '3bff86cce90240fea1ad2cdae21f5f2d') in 0.021693 seconds 
========================================================================
Received Import Request.
  Time since last request: 0.000031 seconds.
  path: Assets/Solar System/ImageTargets/Mars.jpg
  artifactKey: Guid(ca7eff08adca9a64fa63bfd305b67183) Importer(815301076,1909f56bfc062723c751e8b465ee728b)
Start importing Assets/Solar System/ImageTargets/Mars.jpg using Guid(ca7eff08adca9a64fa63bfd305b67183) Importer(815301076,1909f56bfc062723c751e8b465ee728b)  -> (artifact id: '195116394424f7c212caca1567ed5fce') in 0.017545 seconds 
========================================================================
Received Import Request.
  Time since last request: 46.629761 seconds.
  path: Assets/Solar System/ImageTargets/Jupiter.jpg
  artifactKey: Guid(36cbf518555193a4284cbb2fb6958bc3) Importer(815301076,1909f56bfc062723c751e8b465ee728b)
Start importing Assets/Solar System/ImageTargets/Jupiter.jpg using Guid(36cbf518555193a4284cbb2fb6958bc3) Importer(815301076,1909f56bfc062723c751e8b465ee728b)  -> (artifact id: 'bb7506f15b29cd1f4d9eaf6934f2bf91') in 0.142860 seconds 
========================================================================
Received Import Request.
  Time since last request: 0.000022 seconds.
  path: Assets/Solar System/ImageTargets/Venus.jpg
  artifactKey: Guid(57d0f498b34eb564f9e3df41b821b448) Importer(815301076,1909f56bfc062723c751e8b465ee728b)
Start importing Assets/Solar System/ImageTargets/Venus.jpg using Guid(57d0f498b34eb564f9e3df41b821b448) Importer(815301076,1909f56bfc062723c751e8b465ee728b)  -> (artifact id: '67fb9126a168c8a20ae8fcc40d5b62cb') in 0.094318 seconds 
========================================================================
Received Import Request.
  Time since last request: 0.000034 seconds.
  path: Assets/Solar System/ImageTargets/Sun.jpg
  artifactKey: Guid(7d32f48764918fa4a909b790b64a375e) Importer(815301076,1909f56bfc062723c751e8b465ee728b)
Start importing Assets/Solar System/ImageTargets/Sun.jpg using Guid(7d32f48764918fa4a909b790b64a375e) Importer(815301076,1909f56bfc062723c751e8b465ee728b)  -> (artifact id: 'ddd405c8fbe3466858fcd3c4c403f5ca') in 0.194655 seconds 
========================================================================
Received Import Request.
  Time since last request: 0.000033 seconds.
  path: Assets/Solar System/ImageTargets/Neptune.jpg
  artifactKey: Guid(ac9dfb2bcc12a044985e48bc5ec2dc30) Importer(815301076,1909f56bfc062723c751e8b465ee728b)
Start importing Assets/Solar System/ImageTargets/Neptune.jpg using Guid(ac9dfb2bcc12a044985e48bc5ec2dc30) Importer(815301076,1909f56bfc062723c751e8b465ee728b)  -> (artifact id: 'dc6cf4d8e57719fe08adafb622e9baea') in 0.205926 seconds 
========================================================================
Received Import Request.
  Time since last request: 18.783935 seconds.
  path: Assets/Solar System/Materials/Jupiter.mat
  artifactKey: Guid(ce60e10ce8c7b6e45824efd108efcfc2) Importer(815301076,1909f56bfc062723c751e8b465ee728b)
Start importing Assets/Solar System/Materials/Jupiter.mat using Guid(ce60e10ce8c7b6e45824efd108efcfc2) Importer(815301076,1909f56bfc062723c751e8b465ee728b)  -> (artifact id: '5d8f409ee4a43dc284c6d2b3c3af1380') in 0.336275 seconds 
========================================================================
Received Import Request.
  Time since last request: 0.000027 seconds.
  path: Assets/Solar System/Materials/Mercury.mat
  artifactKey: Guid(f4520b7fde559164680dd8e13880516a) Importer(815301076,1909f56bfc062723c751e8b465ee728b)
Start importing Assets/Solar System/Materials/Mercury.mat using Guid(f4520b7fde559164680dd8e13880516a) Importer(815301076,1909f56bfc062723c751e8b465ee728b)  -> (artifact id: '1825e0fb3a215359e4d6a6294e6d9164') in 0.018706 seconds 
========================================================================
Received Import Request.
  Time since last request: 0.000039 seconds.
  path: Assets/Solar System/Materials/Sun.mat
  artifactKey: Guid(e308380416c2ede488220e3563b05579) Importer(815301076,1909f56bfc062723c751e8b465ee728b)
Start importing Assets/Solar System/Materials/Sun.mat using Guid(e308380416c2ede488220e3563b05579) Importer(815301076,1909f56bfc062723c751e8b465ee728b)  -> (artifact id: 'c3e788e9fba1c4f148e5fa083cb5722e') in 0.014782 seconds 
========================================================================
Received Import Request.
  Time since last request: 0.000019 seconds.
  path: Assets/Solar System/Materials/Mars.mat
  artifactKey: Guid(f78d285a0b3461444a5bf91ea23d4ddb) Importer(815301076,1909f56bfc062723c751e8b465ee728b)
Start importing Assets/Solar System/Materials/Mars.mat using Guid(f78d285a0b3461444a5bf91ea23d4ddb) Importer(815301076,1909f56bfc062723c751e8b465ee728b)  -> (artifact id: '66a470613ec200a7b12e897fa5db522b') in 0.017206 seconds 
========================================================================
Received Import Request.
  Time since last request: 0.000033 seconds.
  path: Assets/Solar System/Materials/Uranus.mat
  artifactKey: Guid(f2d141db0f0342542b119edb20503b9f) Importer(815301076,1909f56bfc062723c751e8b465ee728b)
Start importing Assets/Solar System/Materials/Uranus.mat using Guid(f2d141db0f0342542b119edb20503b9f) Importer(815301076,1909f56bfc062723c751e8b465ee728b)  -> (artifact id: '7c87061382d7388c51cb5b102c8c7ac6') in 0.017158 seconds 
========================================================================
Received Import Request.
  Time since last request: 0.000024 seconds.
  path: Assets/Solar System/Materials/Saturn.mat
  artifactKey: Guid(0fe25eb27e973a14285a70e46af4f8b8) Importer(815301076,1909f56bfc062723c751e8b465ee728b)
Start importing Assets/Solar System/Materials/Saturn.mat using Guid(0fe25eb27e973a14285a70e46af4f8b8) Importer(815301076,1909f56bfc062723c751e8b465ee728b)  -> (artifact id: 'ccfe2c6f1b54616cd8b240bf22b3188e') in 0.016131 seconds 
========================================================================
Received Import Request.
  Time since last request: 0.000021 seconds.
  path: Assets/Solar System/Materials/Neptune.mat
  artifactKey: Guid(65b5bb2774d39d540a6128c3410878b0) Importer(815301076,1909f56bfc062723c751e8b465ee728b)
Start importing Assets/Solar System/Materials/Neptune.mat using Guid(65b5bb2774d39d540a6128c3410878b0) Importer(815301076,1909f56bfc062723c751e8b465ee728b)  -> (artifact id: '173b989db2961c8c03805e3a5a98a435') in 0.016899 seconds 
========================================================================
Received Import Request.
  Time since last request: 0.000022 seconds.
  path: Assets/Solar System/Materials/Venus.mat
  artifactKey: Guid(1b0b8439d4f21c942841715d049c6c6f) Importer(815301076,1909f56bfc062723c751e8b465ee728b)
Start importing Assets/Solar System/Materials/Venus.mat using Guid(1b0b8439d4f21c942841715d049c6c6f) Importer(815301076,1909f56bfc062723c751e8b465ee728b)  -> (artifact id: '12e9a713d0e2c9d29d444f64a6a1be45') in 0.016342 seconds 
========================================================================
Received Import Request.
  Time since last request: 15.004103 seconds.
  path: Assets/Solar System/Prefabs/Jupiter.prefab
  artifactKey: Guid(e5dc218c91166714c8381755776bedad) Importer(815301076,1909f56bfc062723c751e8b465ee728b)
Start importing Assets/Solar System/Prefabs/Jupiter.prefab using Guid(e5dc218c91166714c8381755776bedad) Importer(815301076,1909f56bfc062723c751e8b465ee728b)  -> (artifact id: 'b06366ad6fc782bb641ac747557b6ad7') in 0.056142 seconds 
========================================================================
Received Import Request.
  Time since last request: 0.000032 seconds.
  path: Assets/Solar System/Prefabs/Sun.prefab
  artifactKey: Guid(6d6b3e016bd2af6429f234edca9125f9) Importer(815301076,1909f56bfc062723c751e8b465ee728b)
Start importing Assets/Solar System/Prefabs/Sun.prefab using Guid(6d6b3e016bd2af6429f234edca9125f9) Importer(815301076,1909f56bfc062723c751e8b465ee728b)  -> (artifact id: 'e39fd6c2b6e4ba61292e5a4ae5a191ba') in 0.023208 seconds 
========================================================================
Received Import Request.
  Time since last request: 0.000036 seconds.
  path: Assets/Solar System/Prefabs/Uranus.prefab
  artifactKey: Guid(faefba83d4ce2214a8850c5934f26759) Importer(815301076,1909f56bfc062723c751e8b465ee728b)
Start importing Assets/Solar System/Prefabs/Uranus.prefab using Guid(faefba83d4ce2214a8850c5934f26759) Importer(815301076,1909f56bfc062723c751e8b465ee728b)  -> (artifact id: 'c82d0e171e57480721351c151f675af8') in 0.022351 seconds 
========================================================================
Received Import Request.
  Time since last request: 0.000033 seconds.
  path: Assets/Solar System/Prefabs/Saturn.prefab
  artifactKey: Guid(3a0233642dddcd2488d55ea52bdf6478) Importer(815301076,1909f56bfc062723c751e8b465ee728b)
Start importing Assets/Solar System/Prefabs/Saturn.prefab using Guid(3a0233642dddcd2488d55ea52bdf6478) Importer(815301076,1909f56bfc062723c751e8b465ee728b) SendMessage cannot be called during Awake, CheckConsistency, or OnValidate (Saturn Ring: OnMeshFilterChanged)
UnityEngine.StackTraceUtility:ExtractStackTrace ()
PlanetRing:SetUpRing () (at Assets/Solar System/Scripts/PlanetRing.cs:61)
PlanetRing:OnValidate () (at Assets/Solar System/Scripts/PlanetRing.cs:33)

[Assets/Solar System/Scripts/PlanetRing.cs line 61]

 -> (artifact id: 'd53d0578fa3e9d58bd20a73903b163db') in 0.293093 seconds 
========================================================================
Received Prepare
Refreshing native plugins compatible for Editor in 5.54 ms, found 3 plugins.
Preloading 0 native plugins for Editor in 0.00 ms.
Unloading 19 Unused Serialized files (Serialized files now loaded: 0)
Unloading 19 unused Assets / (76.6 KB). Loaded Objects now: 3734.
Memory consumption went from 53.5 MB to 53.4 MB.
Total: 4.138200 ms (FindLiveObjects: 0.345700 ms CreateObjectMapping: 0.174700 ms MarkObjects: 3.514700 ms  DeleteObjects: 0.101800 ms)

AssetImportParameters requested are different than current active one (requested -> active):
  custom:video-decoder-ogg-theora: a1e56fd34408186e4bbccfd4996cb3dc -> 
  custom:container-muxer-webm: aa71ff27fc2769a1b78a27578f13a17b -> 
  custom:container-demuxer-webm: 4f35f7cbe854078d1ac9338744f61a02 -> 
  custom:video-encoder-webm-vp8: eb34c28f22e8b96e1ab97ce403110664 -> 
  custom:audio-encoder-webm-vorbis: bf7c407c2cedff20999df2af8eb42d56 -> 
  custom:framework-win-MediaFoundation: 216162199b28c13a410421893ffa2e32 -> 
  custom:container-demuxer-ogg: 62fdf1f143b41e24485cea50d1cbac27 -> 
  custom:video-decoder-webm-vp8: 9c59270c3fd7afecdb556c50c9e8de78 -> 
  custom:audio-decoder-ogg-vorbis: bf7c407c2cedff20999df2af8eb42d56 -> 
========================================================================
Received Prepare
Refreshing native plugins compatible for Editor in 7.27 ms, found 3 plugins.
Preloading 0 native plugins for Editor in 0.00 ms.
Unloading 19 Unused Serialized files (Serialized files now loaded: 0)
Unloading 19 unused Assets / (76.6 KB). Loaded Objects now: 3734.
Memory consumption went from 53.5 MB to 53.4 MB.
Total: 4.455300 ms (FindLiveObjects: 0.329300 ms CreateObjectMapping: 0.132800 ms MarkObjects: 3.873500 ms  DeleteObjects: 0.118400 ms)

AssetImportParameters requested are different than current active one (requested -> active):
  custom:video-decoder-ogg-theora: a1e56fd34408186e4bbccfd4996cb3dc -> 
  custom:container-muxer-webm: aa71ff27fc2769a1b78a27578f13a17b -> 
  custom:container-demuxer-webm: 4f35f7cbe854078d1ac9338744f61a02 -> 
  custom:video-encoder-webm-vp8: eb34c28f22e8b96e1ab97ce403110664 -> 
  custom:audio-encoder-webm-vorbis: bf7c407c2cedff20999df2af8eb42d56 -> 
  custom:framework-win-MediaFoundation: 216162199b28c13a410421893ffa2e32 -> 
  custom:container-demuxer-ogg: 62fdf1f143b41e24485cea50d1cbac27 -> 
  custom:video-decoder-webm-vp8: 9c59270c3fd7afecdb556c50c9e8de78 -> 
  custom:audio-decoder-ogg-vorbis: bf7c407c2cedff20999df2af8eb42d56 -> 
========================================================================
Received Import Request.
  Time since last request: 69.964926 seconds.
  path: Assets/Solar System/Prefabs/Jupiter.prefab
  artifactKey: Guid(e5dc218c91166714c8381755776bedad) Importer(815301076,1909f56bfc062723c751e8b465ee728b)
Start importing Assets/Solar System/Prefabs/Jupiter.prefab using Guid(e5dc218c91166714c8381755776bedad) Importer(815301076,1909f56bfc062723c751e8b465ee728b)  -> (artifact id: '5165019653555f05fdef444f7a0337bb') in 0.310449 seconds 
========================================================================
Received Import Request.
  Time since last request: 0.000029 seconds.
  path: Assets/Solar System/Prefabs/Sun.prefab
  artifactKey: Guid(6d6b3e016bd2af6429f234edca9125f9) Importer(815301076,1909f56bfc062723c751e8b465ee728b)
Start importing Assets/Solar System/Prefabs/Sun.prefab using Guid(6d6b3e016bd2af6429f234edca9125f9) Importer(815301076,1909f56bfc062723c751e8b465ee728b)  -> (artifact id: '202ca69588810f1f53ce9c08d5f13368') in 0.070946 seconds 
========================================================================
Received Import Request.
  Time since last request: 0.000025 seconds.
  path: Assets/Solar System/Prefabs/Uranus.prefab
  artifactKey: Guid(faefba83d4ce2214a8850c5934f26759) Importer(815301076,1909f56bfc062723c751e8b465ee728b)
Start importing Assets/Solar System/Prefabs/Uranus.prefab using Guid(faefba83d4ce2214a8850c5934f26759) Importer(815301076,1909f56bfc062723c751e8b465ee728b)  -> (artifact id: 'beb9da375c5132fca66fd78bbc8ba7c1') in 0.067495 seconds 
========================================================================
Received Import Request.
  Time since last request: 0.000028 seconds.
  path: Assets/Solar System/Prefabs/Saturn.prefab
  artifactKey: Guid(3a0233642dddcd2488d55ea52bdf6478) Importer(815301076,1909f56bfc062723c751e8b465ee728b)
Start importing Assets/Solar System/Prefabs/Saturn.prefab using Guid(3a0233642dddcd2488d55ea52bdf6478) Importer(815301076,1909f56bfc062723c751e8b465ee728b) SendMessage cannot be called during Awake, CheckConsistency, or OnValidate (Saturn Ring: OnMeshFilterChanged)
UnityEngine.StackTraceUtility:ExtractStackTrace ()
PlanetRing:SetUpRing () (at Assets/Solar System/Scripts/PlanetRing.cs:61)
PlanetRing:OnValidate () (at Assets/Solar System/Scripts/PlanetRing.cs:33)

[Assets/Solar System/Scripts/PlanetRing.cs line 61]

 -> (artifact id: 'b7046c7f91de523b020dbc4a2a88bb23') in 0.297264 seconds 
========================================================================
Received Prepare
Registering precompiled user dll's ...
Registered in 0.009315 seconds.
Begin MonoManager ReloadAssembly
Symbol file LoadedFromMemory doesn't match image E:\Games\Unity Projects\Test_Sistema_Solar\Library\PackageCache\com.unity.visualscripting@1.7.6\Editor\VisualScripting.Core\Dependencies\YamlDotNet\Unity.VisualScripting.YamlDotNet.dll
Symbol file LoadedFromMemory doesn't match image E:\Games\Unity Projects\Test_Sistema_Solar\Library\PackageCache\com.unity.visualscripting@1.7.6\Editor\VisualScripting.Core\Dependencies\DotNetZip\Unity.VisualScripting.IonicZip.dll
Native extension for WindowsStandalone target not found
Refreshing native plugins compatible for Editor in 0.68 ms, found 3 plugins.
Preloading 0 native plugins for Editor in 0.00 ms.
Mono: successfully reloaded assembly
- Completed reload, in  1.725 seconds
Domain Reload Profiling:
	ReloadAssembly (1726ms)
		BeginReloadAssembly (227ms)
			ExecutionOrderSort (0ms)
			DisableScriptedObjects (6ms)
			BackupInstance (0ms)
			ReleaseScriptingObjects (0ms)
			CreateAndSetChildDomain (51ms)
		EndReloadAssembly (1287ms)
			LoadAssemblies (164ms)
			RebuildTransferFunctionScriptingTraits (0ms)
			SetupTypeCache (405ms)
			ReleaseScriptCaches (2ms)
			RebuildScriptCaches (66ms)
			SetupLoadedEditorAssemblies (428ms)
				LogAssemblyErrors (0ms)
				InitializePlatformSupportModulesInManaged (15ms)
				SetLoadedEditorAssemblies (1ms)
				RefreshPlugins (1ms)
				BeforeProcessingInitializeOnLoad (77ms)
				ProcessInitializeOnLoadAttributes (296ms)
				ProcessInitializeOnLoadMethodAttributes (34ms)
				AfterProcessingInitializeOnLoad (4ms)
				EditorAssembliesLoaded (0ms)
			ExecutionOrderSort2 (0ms)
			AwakeInstancesAfterBackupRestoration (20ms)
Platform modules already initialized, skipping
Switching build target platform(19) subTarget(0) extendedPlatform(0) -> platform(13) subTarget(0) extendedPlatform(0)
Refreshing native plugins compatible for Editor in 1.25 ms, found 3 plugins.
Preloading 0 native plugins for Editor in 0.00 ms.
Unloading 3219 Unused Serialized files (Serialized files now loaded: 0)
Unloading 21 unused Assets / (79.4 KB). Loaded Objects now: 3846.
Memory consumption went from 122.9 MB to 122.8 MB.
Total: 3.632900 ms (FindLiveObjects: 0.439500 ms CreateObjectMapping: 0.284500 ms MarkObjects: 2.801200 ms  DeleteObjects: 0.106400 ms)

AssetImportParameters requested are different than current active one (requested -> active):
  custom:video-decoder-ogg-theora: a1e56fd34408186e4bbccfd4996cb3dc -> 
  custom:container-muxer-webm: aa71ff27fc2769a1b78a27578f13a17b -> 
  custom:container-demuxer-webm: 4f35f7cbe854078d1ac9338744f61a02 -> 
  custom:video-encoder-webm-vp8: eb34c28f22e8b96e1ab97ce403110664 -> 
  custom:audio-encoder-webm-vorbis: bf7c407c2cedff20999df2af8eb42d56 -> 
  custom:framework-win-MediaFoundation: 216162199b28c13a410421893ffa2e32 -> 
  custom:container-demuxer-ogg: 62fdf1f143b41e24485cea50d1cbac27 -> 
  custom:video-decoder-webm-vp8: 9c59270c3fd7afecdb556c50c9e8de78 -> 
  custom:audio-decoder-ogg-vorbis: bf7c407c2cedff20999df2af8eb42d56 -> 
========================================================================
Received Prepare
Registering precompiled user dll's ...
Registered in 0.008515 seconds.
Begin MonoManager ReloadAssembly
Symbol file LoadedFromMemory doesn't match image E:\Games\Unity Projects\Test_Sistema_Solar\Library\PackageCache\com.unity.visualscripting@1.7.6\Editor\VisualScripting.Core\Dependencies\YamlDotNet\Unity.VisualScripting.YamlDotNet.dll
Symbol file LoadedFromMemory doesn't match image E:\Games\Unity Projects\Test_Sistema_Solar\Library\PackageCache\com.unity.visualscripting@1.7.6\Editor\VisualScripting.Core\Dependencies\DotNetZip\Unity.VisualScripting.IonicZip.dll
Native extension for WindowsStandalone target not found
Refreshing native plugins compatible for Editor in 0.86 ms, found 3 plugins.
Preloading 0 native plugins for Editor in 0.00 ms.
Package Manager log level set to [2]
Mono: successfully reloaded assembly
- Completed reload, in  1.367 seconds
Domain Reload Profiling:
	ReloadAssembly (1368ms)
		BeginReloadAssembly (207ms)
			ExecutionOrderSort (0ms)
			DisableScriptedObjects (12ms)
			BackupInstance (0ms)
			ReleaseScriptingObjects (0ms)
			CreateAndSetChildDomain (43ms)
		EndReloadAssembly (1041ms)
			LoadAssemblies (148ms)
			RebuildTransferFunctionScriptingTraits (0ms)
			SetupTypeCache (345ms)
			ReleaseScriptCaches (1ms)
			RebuildScriptCaches (58ms)
			SetupLoadedEditorAssemblies (419ms)
				LogAssemblyErrors (0ms)
				InitializePlatformSupportModulesInManaged (14ms)
				SetLoadedEditorAssemblies (1ms)
				RefreshPlugins (1ms)
				BeforeProcessingInitializeOnLoad (95ms)
				ProcessInitializeOnLoadAttributes (267ms)
				ProcessInitializeOnLoadMethodAttributes (36ms)
				AfterProcessingInitializeOnLoad (5ms)
				EditorAssembliesLoaded (0ms)
			ExecutionOrderSort2 (0ms)
			AwakeInstancesAfterBackupRestoration (18ms)
Platform modules already initialized, skipping
Switching build target platform(19) subTarget(0) extendedPlatform(0) -> platform(13) subTarget(0) extendedPlatform(0)
Refreshing native plugins compatible for Editor in 0.76 ms, found 3 plugins.
Preloading 0 native plugins for Editor in 0.00 ms.
Unloading 3509 Unused Serialized files (Serialized files now loaded: 0)
Unloading 21 unused Assets / (79.2 KB). Loaded Objects now: 4145.
Memory consumption went from 131.2 MB to 131.1 MB.
Total: 3.601000 ms (FindLiveObjects: 0.342400 ms CreateObjectMapping: 0.092600 ms MarkObjects: 3.046900 ms  DeleteObjects: 0.117200 ms)

AssetImportParameters requested are different than current active one (requested -> active):
  custom:video-decoder-ogg-theora: a1e56fd34408186e4bbccfd4996cb3dc -> 
  custom:container-muxer-webm: aa71ff27fc2769a1b78a27578f13a17b -> 
  custom:container-demuxer-webm: 4f35f7cbe854078d1ac9338744f61a02 -> 
  custom:video-encoder-webm-vp8: eb34c28f22e8b96e1ab97ce403110664 -> 
  custom:audio-encoder-webm-vorbis: bf7c407c2cedff20999df2af8eb42d56 -> 
  custom:framework-win-MediaFoundation: 216162199b28c13a410421893ffa2e32 -> 
  custom:container-demuxer-ogg: 62fdf1f143b41e24485cea50d1cbac27 -> 
  custom:video-decoder-webm-vp8: 9c59270c3fd7afecdb556c50c9e8de78 -> 
  custom:audio-decoder-ogg-vorbis: bf7c407c2cedff20999df2af8eb42d56 -> 
========================================================================
Received Prepare
Registering precompiled user dll's ...
Registered in 0.010441 seconds.
Begin MonoManager ReloadAssembly
Symbol file LoadedFromMemory doesn't match image E:\Games\Unity Projects\Test_Sistema_Solar\Library\PackageCache\com.unity.visualscripting@1.7.6\Editor\VisualScripting.Core\Dependencies\YamlDotNet\Unity.VisualScripting.YamlDotNet.dll
Symbol file LoadedFromMemory doesn't match image E:\Games\Unity Projects\Test_Sistema_Solar\Library\PackageCache\com.unity.visualscripting@1.7.6\Editor\VisualScripting.Core\Dependencies\DotNetZip\Unity.VisualScripting.IonicZip.dll
Native extension for WindowsStandalone target not found
Refreshing native plugins compatible for Editor in 1.26 ms, found 3 plugins.
Preloading 0 native plugins for Editor in 0.00 ms.
Mono: successfully reloaded assembly
- Completed reload, in  1.461 seconds
Domain Reload Profiling:
	ReloadAssembly (1462ms)
		BeginReloadAssembly (217ms)
			ExecutionOrderSort (0ms)
			DisableScriptedObjects (14ms)
			BackupInstance (0ms)
			ReleaseScriptingObjects (0ms)
			CreateAndSetChildDomain (50ms)
		EndReloadAssembly (1108ms)
			LoadAssemblies (146ms)
			RebuildTransferFunctionScriptingTraits (0ms)
			SetupTypeCache (383ms)
			ReleaseScriptCaches (3ms)
			RebuildScriptCaches (76ms)
			SetupLoadedEditorAssemblies (449ms)
				LogAssemblyErrors (0ms)
				InitializePlatformSupportModulesInManaged (16ms)
				SetLoadedEditorAssemblies (1ms)
				RefreshPlugins (1ms)
				BeforeProcessingInitializeOnLoad (89ms)
				ProcessInitializeOnLoadAttributes (305ms)
				ProcessInitializeOnLoadMethodAttributes (34ms)
				AfterProcessingInitializeOnLoad (3ms)
				EditorAssembliesLoaded (0ms)
			ExecutionOrderSort2 (0ms)
			AwakeInstancesAfterBackupRestoration (17ms)
Platform modules already initialized, skipping
Switching build target platform(19) subTarget(0) extendedPlatform(0) -> platform(13) subTarget(0) extendedPlatform(0)
Refreshing native plugins compatible for Editor in 0.62 ms, found 3 plugins.
Preloading 0 native plugins for Editor in 0.00 ms.
Unloading 3577 Unused Serialized files (Serialized files now loaded: 0)
Unloading 23 unused Assets / (96.1 KB). Loaded Objects now: 4215.
Memory consumption went from 133.2 MB to 133.1 MB.
Total: 3.936600 ms (FindLiveObjects: 0.441400 ms CreateObjectMapping: 0.429400 ms MarkObjects: 2.949200 ms  DeleteObjects: 0.115100 ms)

AssetImportParameters requested are different than current active one (requested -> active):
  custom:video-decoder-ogg-theora: a1e56fd34408186e4bbccfd4996cb3dc -> 
  custom:container-muxer-webm: aa71ff27fc2769a1b78a27578f13a17b -> 
  custom:container-demuxer-webm: 4f35f7cbe854078d1ac9338744f61a02 -> 
  custom:video-encoder-webm-vp8: eb34c28f22e8b96e1ab97ce403110664 -> 
  custom:audio-encoder-webm-vorbis: bf7c407c2cedff20999df2af8eb42d56 -> 
  custom:framework-win-MediaFoundation: 216162199b28c13a410421893ffa2e32 -> 
  custom:container-demuxer-ogg: 62fdf1f143b41e24485cea50d1cbac27 -> 
  custom:video-decoder-webm-vp8: 9c59270c3fd7afecdb556c50c9e8de78 -> 
  custom:audio-decoder-ogg-vorbis: bf7c407c2cedff20999df2af8eb42d56 -> 
========================================================================
Received Prepare
Refreshing native plugins compatible for Editor in 9.04 ms, found 3 plugins.
Preloading 0 native plugins for Editor in 0.00 ms.
Unloading 20 Unused Serialized files (Serialized files now loaded: 0)
Unloading 20 unused Assets / (93.3 KB). Loaded Objects now: 4215.
Memory consumption went from 61.8 MB to 61.7 MB.
Total: 6.260300 ms (FindLiveObjects: 0.611700 ms CreateObjectMapping: 0.476800 ms MarkObjects: 5.032200 ms  DeleteObjects: 0.138200 ms)

AssetImportParameters requested are different than current active one (requested -> active):
  custom:video-decoder-ogg-theora: a1e56fd34408186e4bbccfd4996cb3dc -> 
  custom:container-muxer-webm: aa71ff27fc2769a1b78a27578f13a17b -> 
  custom:container-demuxer-webm: 4f35f7cbe854078d1ac9338744f61a02 -> 
  custom:video-encoder-webm-vp8: eb34c28f22e8b96e1ab97ce403110664 -> 
  custom:audio-encoder-webm-vorbis: bf7c407c2cedff20999df2af8eb42d56 -> 
  custom:framework-win-MediaFoundation: 216162199b28c13a410421893ffa2e32 -> 
  custom:container-demuxer-ogg: 62fdf1f143b41e24485cea50d1cbac27 -> 
  custom:video-decoder-webm-vp8: 9c59270c3fd7afecdb556c50c9e8de78 -> 
  custom:audio-decoder-ogg-vorbis: bf7c407c2cedff20999df2af8eb42d56 -> 
========================================================================
Received Prepare
Refreshing native plugins compatible for Editor in 6.34 ms, found 3 plugins.
Preloading 0 native plugins for Editor in 0.00 ms.
Unloading 20 Unused Serialized files (Serialized files now loaded: 0)
Unloading 20 unused Assets / (93.5 KB). Loaded Objects now: 4215.
Memory consumption went from 61.8 MB to 61.7 MB.
Total: 4.023600 ms (FindLiveObjects: 0.348200 ms CreateObjectMapping: 0.121500 ms MarkObjects: 3.429800 ms  DeleteObjects: 0.122800 ms)

AssetImportParameters requested are different than current active one (requested -> active):
  graphicsApiMask: 2048 -> 2099200
  custom:video-decoder-ogg-theora: a1e56fd34408186e4bbccfd4996cb3dc -> 
  custom:container-muxer-webm: aa71ff27fc2769a1b78a27578f13a17b -> 
  custom:container-demuxer-webm: 4f35f7cbe854078d1ac9338744f61a02 -> 
  custom:video-encoder-webm-vp8: eb34c28f22e8b96e1ab97ce403110664 -> 
  custom:audio-encoder-webm-vorbis: bf7c407c2cedff20999df2af8eb42d56 -> 
  custom:framework-win-MediaFoundation: 216162199b28c13a410421893ffa2e32 -> 
  custom:container-demuxer-ogg: 62fdf1f143b41e24485cea50d1cbac27 -> 
  custom:video-decoder-webm-vp8: 9c59270c3fd7afecdb556c50c9e8de78 -> 
  custom:audio-decoder-ogg-vorbis: bf7c407c2cedff20999df2af8eb42d56 -> 
========================================================================
Received Prepare
Registering precompiled user dll's ...
Registered in 0.009419 seconds.
Begin MonoManager ReloadAssembly
Symbol file LoadedFromMemory doesn't match image E:\Games\Unity Projects\Test_Sistema_Solar\Library\PackageCache\com.unity.visualscripting@1.7.6\Editor\VisualScripting.Core\Dependencies\YamlDotNet\Unity.VisualScripting.YamlDotNet.dll
Symbol file LoadedFromMemory doesn't match image E:\Games\Unity Projects\Test_Sistema_Solar\Library\PackageCache\com.unity.visualscripting@1.7.6\Editor\VisualScripting.Core\Dependencies\DotNetZip\Unity.VisualScripting.IonicZip.dll
Native extension for WindowsStandalone target not found
Refreshing native plugins compatible for Editor in 0.88 ms, found 3 plugins.
Preloading 0 native plugins for Editor in 0.00 ms.
Mono: successfully reloaded assembly
- Completed reload, in  1.580 seconds
Domain Reload Profiling:
	ReloadAssembly (1581ms)
		BeginReloadAssembly (223ms)
			ExecutionOrderSort (0ms)
			DisableScriptedObjects (11ms)
			BackupInstance (0ms)
			ReleaseScriptingObjects (0ms)
			CreateAndSetChildDomain (46ms)
		EndReloadAssembly (1228ms)
			LoadAssemblies (161ms)
			RebuildTransferFunctionScriptingTraits (0ms)
			SetupTypeCache (356ms)
			ReleaseScriptCaches (2ms)
			RebuildScriptCaches (64ms)
			SetupLoadedEditorAssemblies (551ms)
				LogAssemblyErrors (0ms)
				InitializePlatformSupportModulesInManaged (19ms)
				SetLoadedEditorAssemblies (1ms)
				RefreshPlugins (1ms)
				BeforeProcessingInitializeOnLoad (84ms)
				ProcessInitializeOnLoadAttributes (393ms)
				ProcessInitializeOnLoadMethodAttributes (48ms)
				AfterProcessingInitializeOnLoad (4ms)
				EditorAssembliesLoaded (0ms)
			ExecutionOrderSort2 (0ms)
			AwakeInstancesAfterBackupRestoration (19ms)
Platform modules already initialized, skipping
Switching build target platform(19) subTarget(0) extendedPlatform(0) -> platform(13) subTarget(0) extendedPlatform(0)
Refreshing native plugins compatible for Editor in 1.60 ms, found 3 plugins.
Preloading 0 native plugins for Editor in 0.00 ms.
Unloading 3573 Unused Serialized files (Serialized files now loaded: 0)
Unloading 23 unused Assets / (96.1 KB). Loaded Objects now: 4218.
Memory consumption went from 133.2 MB to 133.1 MB.
Total: 16.282300 ms (FindLiveObjects: 0.454100 ms CreateObjectMapping: 0.429900 ms MarkObjects: 15.179100 ms  DeleteObjects: 0.216600 ms)

AssetImportParameters requested are different than current active one (requested -> active):
  graphicsApiMask: 2048 -> 2099200
  custom:video-decoder-ogg-theora: a1e56fd34408186e4bbccfd4996cb3dc -> 
  custom:container-muxer-webm: aa71ff27fc2769a1b78a27578f13a17b -> 
  custom:container-demuxer-webm: 4f35f7cbe854078d1ac9338744f61a02 -> 
  custom:video-encoder-webm-vp8: eb34c28f22e8b96e1ab97ce403110664 -> 
  custom:audio-encoder-webm-vorbis: bf7c407c2cedff20999df2af8eb42d56 -> 
  custom:framework-win-MediaFoundation: 216162199b28c13a410421893ffa2e32 -> 
  custom:container-demuxer-ogg: 62fdf1f143b41e24485cea50d1cbac27 -> 
  custom:video-decoder-webm-vp8: 9c59270c3fd7afecdb556c50c9e8de78 -> 
  custom:audio-decoder-ogg-vorbis: bf7c407c2cedff20999df2af8eb42d56 -> 
========================================================================
Received Import Request.
  Time since last request: 337.533678 seconds.
  path: Assets/Solar System/ImageTargets/Jupiter.jpg
  artifactKey: Guid(36cbf518555193a4284cbb2fb6958bc3) Importer(815301076,1909f56bfc062723c751e8b465ee728b)
Start importing Assets/Solar System/ImageTargets/Jupiter.jpg using Guid(36cbf518555193a4284cbb2fb6958bc3) Importer(815301076,1909f56bfc062723c751e8b465ee728b)  -> (artifact id: 'b66975d866eb590ca40d00fa8a9fee38') in 0.193795 seconds 
========================================================================
Received Import Request.
  Time since last request: 0.000041 seconds.
  path: Assets/Solar System/ImageTargets/Venus.jpg
  artifactKey: Guid(57d0f498b34eb564f9e3df41b821b448) Importer(815301076,1909f56bfc062723c751e8b465ee728b)
Start importing Assets/Solar System/ImageTargets/Venus.jpg using Guid(57d0f498b34eb564f9e3df41b821b448) Importer(815301076,1909f56bfc062723c751e8b465ee728b)  -> (artifact id: '30e925a609a1b9520291ea826e4ef100') in 0.109023 seconds 
========================================================================
Received Import Request.
  Time since last request: 0.000040 seconds.
  path: Assets/Solar System/ImageTargets/Saturn.jpg
  artifactKey: Guid(31d5352400df0904bb246b46a02ecc6c) Importer(815301076,1909f56bfc062723c751e8b465ee728b)
Start importing Assets/Solar System/ImageTargets/Saturn.jpg using Guid(31d5352400df0904bb246b46a02ecc6c) Importer(815301076,1909f56bfc062723c751e8b465ee728b)  -> (artifact id: '57adde205f93a2132aa6b6f207c511a2') in 0.047103 seconds 
========================================================================
Received Import Request.
  Time since last request: 0.000021 seconds.
  path: Assets/Solar System/ImageTargets/Mercury.jpg
  artifactKey: Guid(9e732e240f1ff6f44ae8c13c5f549b4b) Importer(815301076,1909f56bfc062723c751e8b465ee728b)
Start importing Assets/Solar System/ImageTargets/Mercury.jpg using Guid(9e732e240f1ff6f44ae8c13c5f549b4b) Importer(815301076,1909f56bfc062723c751e8b465ee728b)  -> (artifact id: '6580b8f11c0081b8634ac0149d7d00ff') in 0.143500 seconds 
========================================================================
Received Import Request.
  Time since last request: 0.000024 seconds.
  path: Assets/Solar System/ImageTargets/Mars.jpg
  artifactKey: Guid(ca7eff08adca9a64fa63bfd305b67183) Importer(815301076,1909f56bfc062723c751e8b465ee728b)
Start importing Assets/Solar System/ImageTargets/Mars.jpg using Guid(ca7eff08adca9a64fa63bfd305b67183) Importer(815301076,1909f56bfc062723c751e8b465ee728b)  -> (artifact id: '1311aaeec50e6ed48a879103ed107516') in 0.058538 seconds 
========================================================================
Received Import Request.
  Time since last request: 0.000041 seconds.
  path: Assets/Solar System/ImageTargets/Uranus.jpg
  artifactKey: Guid(69d65303b979f22448ace0191c06a490) Importer(815301076,1909f56bfc062723c751e8b465ee728b)
Start importing Assets/Solar System/ImageTargets/Uranus.jpg using Guid(69d65303b979f22448ace0191c06a490) Importer(815301076,1909f56bfc062723c751e8b465ee728b)  -> (artifact id: 'cd1edb463ed8fcb3afa148a8e2b6d9d5') in 0.043754 seconds 
========================================================================
Received Prepare
Registering precompiled user dll's ...
Registered in 0.009542 seconds.
Begin MonoManager ReloadAssembly
Symbol file LoadedFromMemory doesn't match image E:\Games\Unity Projects\Test_Sistema_Solar\Library\PackageCache\com.unity.visualscripting@1.7.6\Editor\VisualScripting.Core\Dependencies\YamlDotNet\Unity.VisualScripting.YamlDotNet.dll
Symbol file LoadedFromMemory doesn't match image E:\Games\Unity Projects\Test_Sistema_Solar\Library\PackageCache\com.unity.visualscripting@1.7.6\Editor\VisualScripting.Core\Dependencies\DotNetZip\Unity.VisualScripting.IonicZip.dll
Native extension for WindowsStandalone target not found
Refreshing native plugins compatible for Editor in 0.81 ms, found 3 plugins.
Preloading 0 native plugins for Editor in 0.00 ms.
Mono: successfully reloaded assembly
- Completed reload, in  1.371 seconds
Domain Reload Profiling:
	ReloadAssembly (1372ms)
		BeginReloadAssembly (197ms)
			ExecutionOrderSort (0ms)
			DisableScriptedObjects (8ms)
			BackupInstance (0ms)
			ReleaseScriptingObjects (0ms)
			CreateAndSetChildDomain (41ms)
		EndReloadAssembly (1030ms)
			LoadAssemblies (139ms)
			RebuildTransferFunctionScriptingTraits (0ms)
			SetupTypeCache (400ms)
			ReleaseScriptCaches (1ms)
			RebuildScriptCaches (48ms)
			SetupLoadedEditorAssemblies (383ms)
				LogAssemblyErrors (0ms)
				InitializePlatformSupportModulesInManaged (13ms)
				SetLoadedEditorAssemblies (1ms)
				RefreshPlugins (1ms)
				BeforeProcessingInitializeOnLoad (78ms)
				ProcessInitializeOnLoadAttributes (257ms)
				ProcessInitializeOnLoadMethodAttributes (30ms)
				AfterProcessingInitializeOnLoad (3ms)
				EditorAssembliesLoaded (0ms)
			ExecutionOrderSort2 (0ms)
			AwakeInstancesAfterBackupRestoration (16ms)
Platform modules already initialized, skipping
Switching build target platform(19) subTarget(0) extendedPlatform(0) -> platform(13) subTarget(0) extendedPlatform(0)
Refreshing native plugins compatible for Editor in 0.62 ms, found 3 plugins.
Preloading 0 native plugins for Editor in 0.00 ms.
Unloading 3576 Unused Serialized files (Serialized files now loaded: 0)
Unloading 23 unused Assets / (96.2 KB). Loaded Objects now: 4318.
Memory consumption went from 135.8 MB to 135.7 MB.
Total: 3.337900 ms (FindLiveObjects: 0.334700 ms CreateObjectMapping: 0.092800 ms MarkObjects: 2.800200 ms  DeleteObjects: 0.108700 ms)

AssetImportParameters requested are different than current active one (requested -> active):
  custom:video-decoder-ogg-theora: a1e56fd34408186e4bbccfd4996cb3dc -> 
  custom:container-muxer-webm: aa71ff27fc2769a1b78a27578f13a17b -> 
  custom:container-demuxer-webm: 4f35f7cbe854078d1ac9338744f61a02 -> 
  custom:video-encoder-webm-vp8: eb34c28f22e8b96e1ab97ce403110664 -> 
  custom:audio-encoder-webm-vorbis: bf7c407c2cedff20999df2af8eb42d56 -> 
  custom:framework-win-MediaFoundation: 216162199b28c13a410421893ffa2e32 -> 
  custom:container-demuxer-ogg: 62fdf1f143b41e24485cea50d1cbac27 -> 
  custom:video-decoder-webm-vp8: 9c59270c3fd7afecdb556c50c9e8de78 -> 
  custom:audio-decoder-ogg-vorbis: bf7c407c2cedff20999df2af8eb42d56 -> 
========================================================================
Received Prepare
Registering precompiled user dll's ...
Registered in 0.008462 seconds.
Begin MonoManager ReloadAssembly
Symbol file LoadedFromMemory doesn't match image E:\Games\Unity Projects\Test_Sistema_Solar\Library\PackageCache\com.unity.visualscripting@1.7.6\Editor\VisualScripting.Core\Dependencies\YamlDotNet\Unity.VisualScripting.YamlDotNet.dll
Symbol file LoadedFromMemory doesn't match image E:\Games\Unity Projects\Test_Sistema_Solar\Library\PackageCache\com.unity.visualscripting@1.7.6\Editor\VisualScripting.Core\Dependencies\DotNetZip\Unity.VisualScripting.IonicZip.dll
Native extension for WindowsStandalone target not found
Refreshing native plugins compatible for Editor in 0.76 ms, found 3 plugins.
Preloading 0 native plugins for Editor in 0.00 ms.
Mono: successfully reloaded assembly
- Completed reload, in  1.241 seconds
Domain Reload Profiling:
	ReloadAssembly (1242ms)
		BeginReloadAssembly (182ms)
			ExecutionOrderSort (0ms)
			DisableScriptedObjects (14ms)
			BackupInstance (0ms)
			ReleaseScriptingObjects (0ms)
			CreateAndSetChildDomain (39ms)
		EndReloadAssembly (944ms)
			LoadAssemblies (118ms)
			RebuildTransferFunctionScriptingTraits (0ms)
			SetupTypeCache (319ms)
			ReleaseScriptCaches (2ms)
			RebuildScriptCaches (48ms)
			SetupLoadedEditorAssemblies (390ms)
				LogAssemblyErrors (0ms)
				InitializePlatformSupportModulesInManaged (14ms)
				SetLoadedEditorAssemblies (1ms)
				RefreshPlugins (1ms)
				BeforeProcessingInitializeOnLoad (79ms)
				ProcessInitializeOnLoadAttributes (265ms)
				ProcessInitializeOnLoadMethodAttributes (28ms)
				AfterProcessingInitializeOnLoad (3ms)
				EditorAssembliesLoaded (0ms)
			ExecutionOrderSort2 (0ms)
			AwakeInstancesAfterBackupRestoration (18ms)
Platform modules already initialized, skipping
Switching build target platform(19) subTarget(0) extendedPlatform(0) -> platform(13) subTarget(0) extendedPlatform(0)
Refreshing native plugins compatible for Editor in 0.64 ms, found 3 plugins.
Preloading 0 native plugins for Editor in 0.00 ms.
Unloading 3574 Unused Serialized files (Serialized files now loaded: 0)
Unloading 23 unused Assets / (96.0 KB). Loaded Objects now: 4321.
Memory consumption went from 135.8 MB to 135.7 MB.
Total: 4.011100 ms (FindLiveObjects: 0.385000 ms CreateObjectMapping: 0.362800 ms MarkObjects: 3.149600 ms  DeleteObjects: 0.112700 ms)

AssetImportParameters requested are different than current active one (requested -> active):
  custom:video-decoder-ogg-theora: a1e56fd34408186e4bbccfd4996cb3dc -> 
  custom:container-muxer-webm: aa71ff27fc2769a1b78a27578f13a17b -> 
  custom:container-demuxer-webm: 4f35f7cbe854078d1ac9338744f61a02 -> 
  custom:video-encoder-webm-vp8: eb34c28f22e8b96e1ab97ce403110664 -> 
  custom:audio-encoder-webm-vorbis: bf7c407c2cedff20999df2af8eb42d56 -> 
  custom:framework-win-MediaFoundation: 216162199b28c13a410421893ffa2e32 -> 
  custom:container-demuxer-ogg: 62fdf1f143b41e24485cea50d1cbac27 -> 
  custom:video-decoder-webm-vp8: 9c59270c3fd7afecdb556c50c9e8de78 -> 
  custom:audio-decoder-ogg-vorbis: bf7c407c2cedff20999df2af8eb42d56 -> 
========================================================================
Received Import Request.
  Time since last request: 1959.883203 seconds.
  path: Assets/Solar System/Scripts/MultiTargetManager.cs
  artifactKey: Guid(ea025902886f13f40867580c5c1c0806) Importer(815301076,1909f56bfc062723c751e8b465ee728b)
Start importing Assets/Solar System/Scripts/MultiTargetManager.cs using Guid(ea025902886f13f40867580c5c1c0806) Importer(815301076,1909f56bfc062723c751e8b465ee728b)  -> (artifact id: 'd16fa52d12727eea8e147649a828c4b2') in 0.017938 seconds 
========================================================================
Received Import Request.
  Time since last request: 6.382127 seconds.
  path: Assets/Solar System/Materials/Jupiter.mat
  artifactKey: Guid(ce60e10ce8c7b6e45824efd108efcfc2) Importer(815301076,1909f56bfc062723c751e8b465ee728b)
Start importing Assets/Solar System/Materials/Jupiter.mat using Guid(ce60e10ce8c7b6e45824efd108efcfc2) Importer(815301076,1909f56bfc062723c751e8b465ee728b)  -> (artifact id: '66bb7db004c27a926938e341d15b4f27') in 0.214338 seconds 
========================================================================
Received Import Request.
  Time since last request: 0.000029 seconds.
  path: Assets/Solar System/Materials/Mercury.mat
  artifactKey: Guid(f4520b7fde559164680dd8e13880516a) Importer(815301076,1909f56bfc062723c751e8b465ee728b)
Start importing Assets/Solar System/Materials/Mercury.mat using Guid(f4520b7fde559164680dd8e13880516a) Importer(815301076,1909f56bfc062723c751e8b465ee728b)  -> (artifact id: '0577ce6c9d6b016d0a6acf1c47650f2f') in 0.131947 seconds 
========================================================================
Received Import Request.
  Time since last request: 0.000035 seconds.
  path: Assets/Solar System/Materials/Sun.mat
  artifactKey: Guid(e308380416c2ede488220e3563b05579) Importer(815301076,1909f56bfc062723c751e8b465ee728b)
Start importing Assets/Solar System/Materials/Sun.mat using Guid(e308380416c2ede488220e3563b05579) Importer(815301076,1909f56bfc062723c751e8b465ee728b)  -> (artifact id: '7e9037c62864983e42b714ba9e214544') in 0.079255 seconds 
========================================================================
Received Import Request.
  Time since last request: 0.000028 seconds.
  path: Assets/Solar System/Materials/Mars.mat
  artifactKey: Guid(f78d285a0b3461444a5bf91ea23d4ddb) Importer(815301076,1909f56bfc062723c751e8b465ee728b)
Start importing Assets/Solar System/Materials/Mars.mat using Guid(f78d285a0b3461444a5bf91ea23d4ddb) Importer(815301076,1909f56bfc062723c751e8b465ee728b)  -> (artifact id: 'ffef03bbe33407e28740fac9a3e927fc') in 0.063253 seconds 
========================================================================
Received Import Request.
  Time since last request: 0.000049 seconds.
  path: Assets/Solar System/Materials/Uranus.mat
  artifactKey: Guid(f2d141db0f0342542b119edb20503b9f) Importer(815301076,1909f56bfc062723c751e8b465ee728b)
Start importing Assets/Solar System/Materials/Uranus.mat using Guid(f2d141db0f0342542b119edb20503b9f) Importer(815301076,1909f56bfc062723c751e8b465ee728b)  -> (artifact id: '4ad5ac0d1298255497980e17ee651563') in 0.133259 seconds 
========================================================================
Received Import Request.
  Time since last request: 0.000030 seconds.
  path: Assets/Solar System/Materials/Neptune.mat
  artifactKey: Guid(65b5bb2774d39d540a6128c3410878b0) Importer(815301076,1909f56bfc062723c751e8b465ee728b)
Start importing Assets/Solar System/Materials/Neptune.mat using Guid(65b5bb2774d39d540a6128c3410878b0) Importer(815301076,1909f56bfc062723c751e8b465ee728b)  -> (artifact id: 'c2e13bdaef016f70a22f5634f00dbfdf') in 0.082020 seconds 
========================================================================
Received Prepare
Refreshing native plugins compatible for Editor in 12.43 ms, found 3 plugins.
Preloading 0 native plugins for Editor in 0.00 ms.
Unloading 20 Unused Serialized files (Serialized files now loaded: 0)
Unloading 19 unused Assets / (76.6 KB). Loaded Objects now: 4323.
Memory consumption went from 64.5 MB to 64.4 MB.
Total: 6.376800 ms (FindLiveObjects: 0.414600 ms CreateObjectMapping: 0.377000 ms MarkObjects: 5.465000 ms  DeleteObjects: 0.118800 ms)

AssetImportParameters requested are different than current active one (requested -> active):
  custom:video-decoder-ogg-theora: a1e56fd34408186e4bbccfd4996cb3dc -> 
  custom:container-muxer-webm: aa71ff27fc2769a1b78a27578f13a17b -> 
  custom:container-demuxer-webm: 4f35f7cbe854078d1ac9338744f61a02 -> 
  custom:video-encoder-webm-vp8: eb34c28f22e8b96e1ab97ce403110664 -> 
  custom:audio-encoder-webm-vorbis: bf7c407c2cedff20999df2af8eb42d56 -> 
  custom:framework-win-MediaFoundation: 216162199b28c13a410421893ffa2e32 -> 
  custom:container-demuxer-ogg: 62fdf1f143b41e24485cea50d1cbac27 -> 
  custom:video-decoder-webm-vp8: 9c59270c3fd7afecdb556c50c9e8de78 -> 
  custom:audio-decoder-ogg-vorbis: bf7c407c2cedff20999df2af8eb42d56 -> 
