Using pre-set license
Built from '2021.2/staging' branch; Version is '2021.2.7f1 (6bd9e232123f) revision 7068130'; Using compiler version '192829333'; Build Type 'Release'
OS: 'Windows 10  (10.0.19042) 64bit Professional' Language: 'es' Physical Memory: 14267 MB
BatchMode: 1, IsHumanControllingUs: 0, StartBugReporterOnCrash: 0, Is64bit: 1, IsPro: 0

COMMAND LINE ARGUMENTS:
E:\Program Files\Unity\2021.2.7f1\Editor\Unity.exe
-adb2
-batchMode
-noUpm
-name
AssetImportWorker0
-projectPath
E:/Games/Unity Projects/Test_Sistema_Solar
-logFile
Logs/AssetImportWorker0.log
-srvPort
61042
Successfully changed project path to: E:/Games/Unity Projects/Test_Sistema_Solar
E:/Games/Unity Projects/Test_Sistema_Solar
[UnityMemory] Configuration Parameters - Can be set up in boot.config
    "memorysetup-bucket-allocator-granularity=16"
    "memorysetup-bucket-allocator-bucket-count=8"
    "memorysetup-bucket-allocator-block-size=33554432"
    "memorysetup-bucket-allocator-block-count=8"
    "memorysetup-main-allocator-block-size=16777216"
    "memorysetup-thread-allocator-block-size=16777216"
    "memorysetup-gfx-main-allocator-block-size=16777216"
    "memorysetup-gfx-thread-allocator-block-size=16777216"
    "memorysetup-cache-allocator-block-size=4194304"
    "memorysetup-typetree-allocator-block-size=2097152"
    "memorysetup-profiler-bucket-allocator-granularity=16"
    "memorysetup-profiler-bucket-allocator-bucket-count=8"
    "memorysetup-profiler-bucket-allocator-block-size=33554432"
    "memorysetup-profiler-bucket-allocator-block-count=8"
    "memorysetup-profiler-allocator-block-size=16777216"
    "memorysetup-profiler-editor-allocator-block-size=1048576"
    "memorysetup-temp-allocator-size-main=16777216"
    "memorysetup-job-temp-allocator-block-size=2097152"
    "memorysetup-job-temp-allocator-block-size-background=1048576"
    "memorysetup-job-temp-allocator-reduction-small-platforms=262144"
    "memorysetup-temp-allocator-size-background-worker=32768"
    "memorysetup-temp-allocator-size-job-worker=262144"
    "memorysetup-temp-allocator-size-preload-manager=33554432"
    "memorysetup-temp-allocator-size-nav-mesh-worker=65536"
    "memorysetup-temp-allocator-size-audio-worker=65536"
    "memorysetup-temp-allocator-size-cloud-worker=32768"
    "memorysetup-temp-allocator-size-gi-baking-worker=262144"
    "memorysetup-temp-allocator-size-gfx=262144"
Refreshing native plugins compatible for Editor in 96.02 ms, found 3 plugins.
Preloading 0 native plugins for Editor in 0.00 ms.
Initialize engine version: 2021.2.7f1 (6bd9e232123f)
[Subsystems] Discovering subsystems at path E:/Program Files/Unity/2021.2.7f1/Editor/Data/Resources/UnitySubsystems
[Subsystems] Discovering subsystems at path E:/Games/Unity Projects/Test_Sistema_Solar/Assets
GfxDevice: creating device client; threaded=0; jobified=0
Direct3D:
    Version:  Direct3D 11.0 [level 11.1]
    Renderer: AMD Radeon(TM) RX Vega 11 Graphics (ID=0x15d8)
    Vendor:   ATI
    VRAM:     7133 MB
    Driver:   30.0.13014.8
Initialize mono
Mono path[0] = 'E:/Program Files/Unity/2021.2.7f1/Editor/Data/Managed'
Mono path[1] = 'E:/Program Files/Unity/2021.2.7f1/Editor/Data/MonoBleedingEdge/lib/mono/unityjit-win32'
Mono config path = 'E:/Program Files/Unity/2021.2.7f1/Editor/Data/MonoBleedingEdge/etc'
Using monoOptions --debugger-agent=transport=dt_socket,embedding=1,server=y,suspend=n,address=127.0.0.1:56036
Begin MonoManager ReloadAssembly
Registering precompiled unity dll's ...
Register platform support module: E:/Program Files/Unity/2021.2.7f1/Editor/Data/PlaybackEngines/WindowsStandaloneSupport/UnityEditor.WindowsStandalone.Extensions.dll
Registered in 0.003636 seconds.
Native extension for WindowsStandalone target not found
Refreshing native plugins compatible for Editor in 90.11 ms, found 3 plugins.
Preloading 0 native plugins for Editor in 0.00 ms.
Mono: successfully reloaded assembly
- Completed reload, in  0.779 seconds
Domain Reload Profiling:
	ReloadAssembly (779ms)
		BeginReloadAssembly (112ms)
			ExecutionOrderSort (0ms)
			DisableScriptedObjects (0ms)
			BackupInstance (0ms)
			ReleaseScriptingObjects (0ms)
			CreateAndSetChildDomain (1ms)
		EndReloadAssembly (575ms)
			LoadAssemblies (111ms)
			RebuildTransferFunctionScriptingTraits (0ms)
			SetupTypeCache (142ms)
			ReleaseScriptCaches (0ms)
			RebuildScriptCaches (31ms)
			SetupLoadedEditorAssemblies (334ms)
				LogAssemblyErrors (0ms)
				InitializePlatformSupportModulesInManaged (18ms)
				SetLoadedEditorAssemblies (0ms)
				RefreshPlugins (90ms)
				BeforeProcessingInitializeOnLoad (1ms)
				ProcessInitializeOnLoadAttributes (164ms)
				ProcessInitializeOnLoadMethodAttributes (60ms)
				AfterProcessingInitializeOnLoad (0ms)
				EditorAssembliesLoaded (0ms)
			ExecutionOrderSort2 (0ms)
			AwakeInstancesAfterBackupRestoration (0ms)
Platform modules already initialized, skipping
Registering precompiled user dll's ...
Registered in 0.008541 seconds.
Begin MonoManager ReloadAssembly
Symbol file LoadedFromMemory doesn't match image E:\Games\Unity Projects\Test_Sistema_Solar\Library\PackageCache\com.unity.visualscripting@1.7.6\Editor\VisualScripting.Core\Dependencies\YamlDotNet\Unity.VisualScripting.YamlDotNet.dll
Symbol file LoadedFromMemory doesn't match image E:\Games\Unity Projects\Test_Sistema_Solar\Library\PackageCache\com.unity.visualscripting@1.7.6\Editor\VisualScripting.Core\Dependencies\DotNetZip\Unity.VisualScripting.IonicZip.dll
Native extension for WindowsStandalone target not found
Refreshing native plugins compatible for Editor in 0.72 ms, found 3 plugins.
Preloading 0 native plugins for Editor in 0.00 ms.
Mono: successfully reloaded assembly
- Completed reload, in  1.278 seconds
Domain Reload Profiling:
	ReloadAssembly (1279ms)
		BeginReloadAssembly (157ms)
			ExecutionOrderSort (0ms)
			DisableScriptedObjects (7ms)
			BackupInstance (0ms)
			ReleaseScriptingObjects (0ms)
			CreateAndSetChildDomain (26ms)
		EndReloadAssembly (1004ms)
			LoadAssemblies (125ms)
			RebuildTransferFunctionScriptingTraits (0ms)
			SetupTypeCache (331ms)
			ReleaseScriptCaches (1ms)
			RebuildScriptCaches (63ms)
			SetupLoadedEditorAssemblies (459ms)
				LogAssemblyErrors (0ms)
				InitializePlatformSupportModulesInManaged (14ms)
				SetLoadedEditorAssemblies (1ms)
				RefreshPlugins (1ms)
				BeforeProcessingInitializeOnLoad (98ms)
				ProcessInitializeOnLoadAttributes (308ms)
				ProcessInitializeOnLoadMethodAttributes (31ms)
				AfterProcessingInitializeOnLoad (6ms)
				EditorAssembliesLoaded (0ms)
			ExecutionOrderSort2 (0ms)
			AwakeInstancesAfterBackupRestoration (8ms)
Platform modules already initialized, skipping
========================================================================
Worker process is ready to serve import requests
Launched and connected shader compiler UnityShaderCompiler.exe after 0.06 seconds
Refreshing native plugins compatible for Editor in 0.61 ms, found 3 plugins.
Preloading 0 native plugins for Editor in 0.00 ms.
Unloading 3213 Unused Serialized files (Serialized files now loaded: 0)
Unloading 26 unused Assets / (112.5 KB). Loaded Objects now: 3669.
Memory consumption went from 111.9 MB to 111.7 MB.
Total: 3.547900 ms (FindLiveObjects: 0.286700 ms CreateObjectMapping: 0.081100 ms MarkObjects: 3.062700 ms  DeleteObjects: 0.116400 ms)

AssetImportParameters requested are different than current active one (requested -> active):
  custom:video-decoder-ogg-theora: a1e56fd34408186e4bbccfd4996cb3dc -> 
  custom:container-muxer-webm: aa71ff27fc2769a1b78a27578f13a17b -> 
  custom:container-demuxer-webm: 4f35f7cbe854078d1ac9338744f61a02 -> 
  custom:video-encoder-webm-vp8: eb34c28f22e8b96e1ab97ce403110664 -> 
  custom:audio-encoder-webm-vorbis: bf7c407c2cedff20999df2af8eb42d56 -> 
  custom:framework-win-MediaFoundation: 216162199b28c13a410421893ffa2e32 -> 
  custom:container-demuxer-ogg: 62fdf1f143b41e24485cea50d1cbac27 -> 
  custom:video-decoder-webm-vp8: 9c59270c3fd7afecdb556c50c9e8de78 -> 
  custom:audio-decoder-ogg-vorbis: bf7c407c2cedff20999df2af8eb42d56 -> 
========================================================================
Received Prepare
Registering precompiled user dll's ...
Registered in 0.008443 seconds.
Begin MonoManager ReloadAssembly
Symbol file LoadedFromMemory doesn't match image E:\Games\Unity Projects\Test_Sistema_Solar\Library\PackageCache\com.unity.visualscripting@1.7.6\Editor\VisualScripting.Core\Dependencies\YamlDotNet\Unity.VisualScripting.YamlDotNet.dll
Symbol file LoadedFromMemory doesn't match image E:\Games\Unity Projects\Test_Sistema_Solar\Library\PackageCache\com.unity.visualscripting@1.7.6\Editor\VisualScripting.Core\Dependencies\DotNetZip\Unity.VisualScripting.IonicZip.dll
Native extension for WindowsStandalone target not found
Refreshing native plugins compatible for Editor in 1.01 ms, found 3 plugins.
Preloading 0 native plugins for Editor in 0.00 ms.
Mono: successfully reloaded assembly
- Completed reload, in  1.328 seconds
Domain Reload Profiling:
	ReloadAssembly (1329ms)
		BeginReloadAssembly (195ms)
			ExecutionOrderSort (0ms)
			DisableScriptedObjects (7ms)
			BackupInstance (0ms)
			ReleaseScriptingObjects (0ms)
			CreateAndSetChildDomain (42ms)
		EndReloadAssembly (1009ms)
			LoadAssemblies (143ms)
			RebuildTransferFunctionScriptingTraits (0ms)
			SetupTypeCache (375ms)
			ReleaseScriptCaches (2ms)
			RebuildScriptCaches (63ms)
			SetupLoadedEditorAssemblies (380ms)
				LogAssemblyErrors (0ms)
				InitializePlatformSupportModulesInManaged (19ms)
				SetLoadedEditorAssemblies (1ms)
				RefreshPlugins (1ms)
				BeforeProcessingInitializeOnLoad (86ms)
				ProcessInitializeOnLoadAttributes (243ms)
				ProcessInitializeOnLoadMethodAttributes (26ms)
				AfterProcessingInitializeOnLoad (4ms)
				EditorAssembliesLoaded (0ms)
			ExecutionOrderSort2 (0ms)
			AwakeInstancesAfterBackupRestoration (9ms)
Platform modules already initialized, skipping
Refreshing native plugins compatible for Editor in 0.53 ms, found 3 plugins.
Preloading 0 native plugins for Editor in 0.00 ms.
Unloading 3209 Unused Serialized files (Serialized files now loaded: 0)
Unloading 21 unused Assets / (79.2 KB). Loaded Objects now: 3672.
Memory consumption went from 111.9 MB to 111.8 MB.
Total: 3.734900 ms (FindLiveObjects: 0.363400 ms CreateObjectMapping: 0.171900 ms MarkObjects: 3.099800 ms  DeleteObjects: 0.098000 ms)

AssetImportParameters requested are different than current active one (requested -> active):
  custom:video-decoder-ogg-theora: a1e56fd34408186e4bbccfd4996cb3dc -> 
  custom:container-muxer-webm: aa71ff27fc2769a1b78a27578f13a17b -> 
  custom:container-demuxer-webm: 4f35f7cbe854078d1ac9338744f61a02 -> 
  custom:video-encoder-webm-vp8: eb34c28f22e8b96e1ab97ce403110664 -> 
  custom:audio-encoder-webm-vorbis: bf7c407c2cedff20999df2af8eb42d56 -> 
  custom:framework-win-MediaFoundation: 216162199b28c13a410421893ffa2e32 -> 
  custom:container-demuxer-ogg: 62fdf1f143b41e24485cea50d1cbac27 -> 
  custom:video-decoder-webm-vp8: 9c59270c3fd7afecdb556c50c9e8de78 -> 
  custom:audio-decoder-ogg-vorbis: bf7c407c2cedff20999df2af8eb42d56 -> 
========================================================================
Received Import Request.
  Time since last request: 48367.419127 seconds.
  path: Assets/Solar System
  artifactKey: Guid(f09e39ce32eb92f48ab116b513a766af) Importer(815301076,1909f56bfc062723c751e8b465ee728b)
Start importing Assets/Solar System using Guid(f09e39ce32eb92f48ab116b513a766af) Importer(815301076,1909f56bfc062723c751e8b465ee728b)  -> (artifact id: '1885721442d6c32113bfb374325ad9eb') in 0.022497 seconds 
========================================================================
Received Import Request.
  Time since last request: 14.404889 seconds.
  path: Assets/Solar System/ImageTargets
  artifactKey: Guid(da689473638a33d46ba75211c81af96b) Importer(815301076,1909f56bfc062723c751e8b465ee728b)
Start importing Assets/Solar System/ImageTargets using Guid(da689473638a33d46ba75211c81af96b) Importer(815301076,1909f56bfc062723c751e8b465ee728b)  -> (artifact id: '2df84a394028e3af6f89f242dbad9c2d') in 0.014920 seconds 
========================================================================
Received Import Request.
  Time since last request: 1.164500 seconds.
  path: Assets/Solar System/ImageTargets/Earth.jpg
  artifactKey: Guid(95df6e57c7ac7734d8ebe9aacfa32344) Importer(815301076,1909f56bfc062723c751e8b465ee728b)
Start importing Assets/Solar System/ImageTargets/Earth.jpg using Guid(95df6e57c7ac7734d8ebe9aacfa32344) Importer(815301076,1909f56bfc062723c751e8b465ee728b)  -> (artifact id: 'ac9b5a777344cfe7484544a9237bbd26') in 0.178246 seconds 
========================================================================
Received Import Request.
  Time since last request: 0.000026 seconds.
  path: Assets/Solar System/ImageTargets/Venus.jpg
  artifactKey: Guid(57d0f498b34eb564f9e3df41b821b448) Importer(815301076,1909f56bfc062723c751e8b465ee728b)
Start importing Assets/Solar System/ImageTargets/Venus.jpg using Guid(57d0f498b34eb564f9e3df41b821b448) Importer(815301076,1909f56bfc062723c751e8b465ee728b)  -> (artifact id: '4ca9e2c53bf1148775dfcc797e999056') in 0.019592 seconds 
========================================================================
Received Import Request.
  Time since last request: 0.000031 seconds.
  path: Assets/Solar System/ImageTargets/Saturn.jpg
  artifactKey: Guid(31d5352400df0904bb246b46a02ecc6c) Importer(815301076,1909f56bfc062723c751e8b465ee728b)
Start importing Assets/Solar System/ImageTargets/Saturn.jpg using Guid(31d5352400df0904bb246b46a02ecc6c) Importer(815301076,1909f56bfc062723c751e8b465ee728b)  -> (artifact id: 'fbb381ba37449d5e2667e6178682da1f') in 0.020434 seconds 
========================================================================
Received Import Request.
  Time since last request: 0.000026 seconds.
  path: Assets/Solar System/ImageTargets/Neptune.jpg
  artifactKey: Guid(ac9dfb2bcc12a044985e48bc5ec2dc30) Importer(815301076,1909f56bfc062723c751e8b465ee728b)
Start importing Assets/Solar System/ImageTargets/Neptune.jpg using Guid(ac9dfb2bcc12a044985e48bc5ec2dc30) Importer(815301076,1909f56bfc062723c751e8b465ee728b)  -> (artifact id: '0784386e13b70932470c0d252907bfc3') in 0.016985 seconds 
========================================================================
Received Import Request.
  Time since last request: 0.000029 seconds.
  path: Assets/Solar System/ImageTargets/Uranus.jpg
  artifactKey: Guid(69d65303b979f22448ace0191c06a490) Importer(815301076,1909f56bfc062723c751e8b465ee728b)
Start importing Assets/Solar System/ImageTargets/Uranus.jpg using Guid(69d65303b979f22448ace0191c06a490) Importer(815301076,1909f56bfc062723c751e8b465ee728b)  -> (artifact id: '52e5872152001b53e7aefc3c28c37802') in 0.016474 seconds 
========================================================================
Received Import Request.
  Time since last request: 46.608946 seconds.
  path: Assets/Solar System/ImageTargets/Earth.jpg
  artifactKey: Guid(95df6e57c7ac7734d8ebe9aacfa32344) Importer(815301076,1909f56bfc062723c751e8b465ee728b)
Start importing Assets/Solar System/ImageTargets/Earth.jpg using Guid(95df6e57c7ac7734d8ebe9aacfa32344) Importer(815301076,1909f56bfc062723c751e8b465ee728b)  -> (artifact id: 'e9c90215419e435697b69fc88fe9ca86') in 0.246332 seconds 
========================================================================
Received Import Request.
  Time since last request: 0.000029 seconds.
  path: Assets/Solar System/ImageTargets/Saturn.jpg
  artifactKey: Guid(31d5352400df0904bb246b46a02ecc6c) Importer(815301076,1909f56bfc062723c751e8b465ee728b)
Start importing Assets/Solar System/ImageTargets/Saturn.jpg using Guid(31d5352400df0904bb246b46a02ecc6c) Importer(815301076,1909f56bfc062723c751e8b465ee728b)  -> (artifact id: '878088401805c161688a8fea097fa00a') in 0.070530 seconds 
========================================================================
Received Import Request.
  Time since last request: 0.000029 seconds.
  path: Assets/Solar System/ImageTargets/Mercury.jpg
  artifactKey: Guid(9e732e240f1ff6f44ae8c13c5f549b4b) Importer(815301076,1909f56bfc062723c751e8b465ee728b)
Start importing Assets/Solar System/ImageTargets/Mercury.jpg using Guid(9e732e240f1ff6f44ae8c13c5f549b4b) Importer(815301076,1909f56bfc062723c751e8b465ee728b)  -> (artifact id: '352f703e7d92fc1415679bd108f9a159') in 0.188525 seconds 
========================================================================
Received Import Request.
  Time since last request: 0.000024 seconds.
  path: Assets/Solar System/ImageTargets/Mars.jpg
  artifactKey: Guid(ca7eff08adca9a64fa63bfd305b67183) Importer(815301076,1909f56bfc062723c751e8b465ee728b)
Start importing Assets/Solar System/ImageTargets/Mars.jpg using Guid(ca7eff08adca9a64fa63bfd305b67183) Importer(815301076,1909f56bfc062723c751e8b465ee728b)  -> (artifact id: '708452ba15f56ade7955e02faaef928c') in 0.052360 seconds 
========================================================================
Received Import Request.
  Time since last request: 0.000029 seconds.
  path: Assets/Solar System/ImageTargets/Uranus.jpg
  artifactKey: Guid(69d65303b979f22448ace0191c06a490) Importer(815301076,1909f56bfc062723c751e8b465ee728b)
Start importing Assets/Solar System/ImageTargets/Uranus.jpg using Guid(69d65303b979f22448ace0191c06a490) Importer(815301076,1909f56bfc062723c751e8b465ee728b)  -> (artifact id: 'b80b42856e78d797f5d61b814fde79e2') in 0.039836 seconds 
========================================================================
Received Import Request.
  Time since last request: 18.779103 seconds.
  path: Assets/Solar System/Materials/Earth.mat
  artifactKey: Guid(6a092d3d74406aa44a62014a6d82e427) Importer(815301076,1909f56bfc062723c751e8b465ee728b)
Start importing Assets/Solar System/Materials/Earth.mat using Guid(6a092d3d74406aa44a62014a6d82e427) Importer(815301076,1909f56bfc062723c751e8b465ee728b)  -> (artifact id: 'e8481d31622820defd58a98e3b2d6401') in 0.336510 seconds 
========================================================================
Received Import Request.
  Time since last request: 0.000025 seconds.
  path: Assets/Solar System/Materials/SaturnRing.mat
  artifactKey: Guid(48039d5059e16f540a016d10defe0c37) Importer(815301076,1909f56bfc062723c751e8b465ee728b)
Start importing Assets/Solar System/Materials/SaturnRing.mat using Guid(48039d5059e16f540a016d10defe0c37) Importer(815301076,1909f56bfc062723c751e8b465ee728b)  -> (artifact id: '3a1f04cb0dd463f4e8d95caffbb4a169') in 0.291785 seconds 
========================================================================
Received Import Request.
  Time since last request: 4.855308 seconds.
  path: Assets/Solar System/Textures/Earth.jpg
  artifactKey: Guid(326e18e88a54d0a41ba503002eeed84f) Importer(815301076,1909f56bfc062723c751e8b465ee728b)
Start importing Assets/Solar System/Textures/Earth.jpg using Guid(326e18e88a54d0a41ba503002eeed84f) Importer(815301076,1909f56bfc062723c751e8b465ee728b)  -> (artifact id: 'ac62757227d3f02f8c737d1bc81fdcc8') in 0.025841 seconds 
========================================================================
Received Import Request.
  Time since last request: 3.242688 seconds.
  path: Assets/Solar System/Textures/Jupiter.jpg
  artifactKey: Guid(5e1aecc8dac7ca44796f3d8e67264965) Importer(815301076,1909f56bfc062723c751e8b465ee728b)
Start importing Assets/Solar System/Textures/Jupiter.jpg using Guid(5e1aecc8dac7ca44796f3d8e67264965) Importer(815301076,1909f56bfc062723c751e8b465ee728b)  -> (artifact id: 'c1e498fe5f864b847249912c7dfd54da') in 0.024831 seconds 
========================================================================
Received Import Request.
  Time since last request: 0.809339 seconds.
  path: Assets/Solar System/Textures/Mars.jpg
  artifactKey: Guid(0db03f44eff328e4fba58fe6815659de) Importer(815301076,1909f56bfc062723c751e8b465ee728b)
Start importing Assets/Solar System/Textures/Mars.jpg using Guid(0db03f44eff328e4fba58fe6815659de) Importer(815301076,1909f56bfc062723c751e8b465ee728b)  -> (artifact id: '23ab53e8892766e59b03631fe2856c2f') in 0.030228 seconds 
========================================================================
Received Import Request.
  Time since last request: 0.790463 seconds.
  path: Assets/Solar System/Textures/Mercury.jpg
  artifactKey: Guid(d255aa9942892114ca4ef4a83de5f18d) Importer(815301076,1909f56bfc062723c751e8b465ee728b)
Start importing Assets/Solar System/Textures/Mercury.jpg using Guid(d255aa9942892114ca4ef4a83de5f18d) Importer(815301076,1909f56bfc062723c751e8b465ee728b)  -> (artifact id: 'ae8f2edf69887b273aa30164e0e6a214') in 0.022078 seconds 
========================================================================
Received Import Request.
  Time since last request: 5.115714 seconds.
  path: Assets/Solar System/Prefabs/Earth.prefab
  artifactKey: Guid(0e64c931315666c47881f8e5f6473535) Importer(815301076,1909f56bfc062723c751e8b465ee728b)
Start importing Assets/Solar System/Prefabs/Earth.prefab using Guid(0e64c931315666c47881f8e5f6473535) Importer(815301076,1909f56bfc062723c751e8b465ee728b)  -> (artifact id: 'cb511c8ff6508011397d0db44f38e88b') in 0.051520 seconds 
========================================================================
Received Import Request.
  Time since last request: 0.000041 seconds.
  path: Assets/Solar System/Prefabs/Neptune.prefab
  artifactKey: Guid(e0cabfe3b23ef9b4d9a8d9508570f02c) Importer(815301076,1909f56bfc062723c751e8b465ee728b)
Start importing Assets/Solar System/Prefabs/Neptune.prefab using Guid(e0cabfe3b23ef9b4d9a8d9508570f02c) Importer(815301076,1909f56bfc062723c751e8b465ee728b)  -> (artifact id: '74e63555d81e1b6215c04165f788fdad') in 0.027071 seconds 
========================================================================
Received Import Request.
  Time since last request: 0.000048 seconds.
  path: Assets/Solar System/Prefabs/Mercury.prefab
  artifactKey: Guid(11bc766e00bb8de43b5d5f544989ee51) Importer(815301076,1909f56bfc062723c751e8b465ee728b)
Start importing Assets/Solar System/Prefabs/Mercury.prefab using Guid(11bc766e00bb8de43b5d5f544989ee51) Importer(815301076,1909f56bfc062723c751e8b465ee728b)  -> (artifact id: '8c5ecc95795942aae41e8209b8084c6d') in 0.018656 seconds 
========================================================================
Received Import Request.
  Time since last request: 0.000027 seconds.
  path: Assets/Solar System/Prefabs/Venus.prefab
  artifactKey: Guid(18686f9bf186c314fb03f062b1d82148) Importer(815301076,1909f56bfc062723c751e8b465ee728b)
Start importing Assets/Solar System/Prefabs/Venus.prefab using Guid(18686f9bf186c314fb03f062b1d82148) Importer(815301076,1909f56bfc062723c751e8b465ee728b)  -> (artifact id: '2df12c39c8adfce5876fc6f2abeb1ac5') in 0.019761 seconds 
========================================================================
Received Import Request.
  Time since last request: 0.000023 seconds.
  path: Assets/Solar System/Prefabs/Mars.prefab
  artifactKey: Guid(203c2e27c93986f43b31f837a3a597d6) Importer(815301076,1909f56bfc062723c751e8b465ee728b)
Start importing Assets/Solar System/Prefabs/Mars.prefab using Guid(203c2e27c93986f43b31f837a3a597d6) Importer(815301076,1909f56bfc062723c751e8b465ee728b)  -> (artifact id: '2fbcd6b7413a36b1470fe95926267799') in 0.017063 seconds 
========================================================================
Received Prepare
Refreshing native plugins compatible for Editor in 5.87 ms, found 3 plugins.
Preloading 0 native plugins for Editor in 0.00 ms.
Unloading 19 Unused Serialized files (Serialized files now loaded: 0)
Unloading 19 unused Assets / (76.6 KB). Loaded Objects now: 3743.
Memory consumption went from 53.3 MB to 53.3 MB.
Total: 4.621000 ms (FindLiveObjects: 0.307000 ms CreateObjectMapping: 0.127500 ms MarkObjects: 4.040800 ms  DeleteObjects: 0.144500 ms)

AssetImportParameters requested are different than current active one (requested -> active):
  custom:video-decoder-ogg-theora: a1e56fd34408186e4bbccfd4996cb3dc -> 
  custom:container-muxer-webm: aa71ff27fc2769a1b78a27578f13a17b -> 
  custom:container-demuxer-webm: 4f35f7cbe854078d1ac9338744f61a02 -> 
  custom:video-encoder-webm-vp8: eb34c28f22e8b96e1ab97ce403110664 -> 
  custom:audio-encoder-webm-vorbis: bf7c407c2cedff20999df2af8eb42d56 -> 
  custom:framework-win-MediaFoundation: 216162199b28c13a410421893ffa2e32 -> 
  custom:container-demuxer-ogg: 62fdf1f143b41e24485cea50d1cbac27 -> 
  custom:video-decoder-webm-vp8: 9c59270c3fd7afecdb556c50c9e8de78 -> 
  custom:audio-decoder-ogg-vorbis: bf7c407c2cedff20999df2af8eb42d56 -> 
========================================================================
Received Prepare
Refreshing native plugins compatible for Editor in 6.40 ms, found 3 plugins.
Preloading 0 native plugins for Editor in 0.00 ms.
Unloading 19 Unused Serialized files (Serialized files now loaded: 0)
Unloading 19 unused Assets / (76.7 KB). Loaded Objects now: 3743.
Memory consumption went from 53.3 MB to 53.3 MB.
Total: 5.529000 ms (FindLiveObjects: 0.416800 ms CreateObjectMapping: 0.403500 ms MarkObjects: 4.595900 ms  DeleteObjects: 0.111500 ms)

AssetImportParameters requested are different than current active one (requested -> active):
  custom:video-decoder-ogg-theora: a1e56fd34408186e4bbccfd4996cb3dc -> 
  custom:container-muxer-webm: aa71ff27fc2769a1b78a27578f13a17b -> 
  custom:container-demuxer-webm: 4f35f7cbe854078d1ac9338744f61a02 -> 
  custom:video-encoder-webm-vp8: eb34c28f22e8b96e1ab97ce403110664 -> 
  custom:audio-encoder-webm-vorbis: bf7c407c2cedff20999df2af8eb42d56 -> 
  custom:framework-win-MediaFoundation: 216162199b28c13a410421893ffa2e32 -> 
  custom:container-demuxer-ogg: 62fdf1f143b41e24485cea50d1cbac27 -> 
  custom:video-decoder-webm-vp8: 9c59270c3fd7afecdb556c50c9e8de78 -> 
  custom:audio-decoder-ogg-vorbis: bf7c407c2cedff20999df2af8eb42d56 -> 
========================================================================
Received Import Request.
  Time since last request: 70.236601 seconds.
  path: Assets/Solar System/Prefabs/Earth.prefab
  artifactKey: Guid(0e64c931315666c47881f8e5f6473535) Importer(815301076,1909f56bfc062723c751e8b465ee728b)
Start importing Assets/Solar System/Prefabs/Earth.prefab using Guid(0e64c931315666c47881f8e5f6473535) Importer(815301076,1909f56bfc062723c751e8b465ee728b)  -> (artifact id: 'db6be85f44369f72697420ecf22efc55') in 0.309522 seconds 
========================================================================
Received Import Request.
  Time since last request: 0.000032 seconds.
  path: Assets/Solar System/Prefabs/Neptune.prefab
  artifactKey: Guid(e0cabfe3b23ef9b4d9a8d9508570f02c) Importer(815301076,1909f56bfc062723c751e8b465ee728b)
Start importing Assets/Solar System/Prefabs/Neptune.prefab using Guid(e0cabfe3b23ef9b4d9a8d9508570f02c) Importer(815301076,1909f56bfc062723c751e8b465ee728b)  -> (artifact id: '1c68472f17ed2c8751ca940d5f051917') in 0.072216 seconds 
========================================================================
Received Import Request.
  Time since last request: 0.000038 seconds.
  path: Assets/Solar System/Prefabs/Mercury.prefab
  artifactKey: Guid(11bc766e00bb8de43b5d5f544989ee51) Importer(815301076,1909f56bfc062723c751e8b465ee728b)
Start importing Assets/Solar System/Prefabs/Mercury.prefab using Guid(11bc766e00bb8de43b5d5f544989ee51) Importer(815301076,1909f56bfc062723c751e8b465ee728b)  -> (artifact id: '2cc7129b8e92438b82f2bda4fdb70c67') in 0.066969 seconds 
========================================================================
Received Import Request.
  Time since last request: 0.000029 seconds.
  path: Assets/Solar System/Prefabs/Venus.prefab
  artifactKey: Guid(18686f9bf186c314fb03f062b1d82148) Importer(815301076,1909f56bfc062723c751e8b465ee728b)
Start importing Assets/Solar System/Prefabs/Venus.prefab using Guid(18686f9bf186c314fb03f062b1d82148) Importer(815301076,1909f56bfc062723c751e8b465ee728b)  -> (artifact id: '08743720494d9c4492ebe370659368fc') in 0.063401 seconds 
========================================================================
Received Import Request.
  Time since last request: 0.000026 seconds.
  path: Assets/Solar System/Prefabs/Mars.prefab
  artifactKey: Guid(203c2e27c93986f43b31f837a3a597d6) Importer(815301076,1909f56bfc062723c751e8b465ee728b)
Start importing Assets/Solar System/Prefabs/Mars.prefab using Guid(203c2e27c93986f43b31f837a3a597d6) Importer(815301076,1909f56bfc062723c751e8b465ee728b)  -> (artifact id: '8245be5d1e2e6a8a8bc739ade6769da1') in 0.061551 seconds 
========================================================================
Received Prepare
Registering precompiled user dll's ...
Registered in 0.007365 seconds.
Begin MonoManager ReloadAssembly
Symbol file LoadedFromMemory doesn't match image E:\Games\Unity Projects\Test_Sistema_Solar\Library\PackageCache\com.unity.visualscripting@1.7.6\Editor\VisualScripting.Core\Dependencies\YamlDotNet\Unity.VisualScripting.YamlDotNet.dll
Symbol file LoadedFromMemory doesn't match image E:\Games\Unity Projects\Test_Sistema_Solar\Library\PackageCache\com.unity.visualscripting@1.7.6\Editor\VisualScripting.Core\Dependencies\DotNetZip\Unity.VisualScripting.IonicZip.dll
Native extension for WindowsStandalone target not found
Refreshing native plugins compatible for Editor in 0.95 ms, found 3 plugins.
Preloading 0 native plugins for Editor in 0.00 ms.
Mono: successfully reloaded assembly
- Completed reload, in  1.745 seconds
Domain Reload Profiling:
	ReloadAssembly (1745ms)
		BeginReloadAssembly (226ms)
			ExecutionOrderSort (0ms)
			DisableScriptedObjects (6ms)
			BackupInstance (0ms)
			ReleaseScriptingObjects (0ms)
			CreateAndSetChildDomain (48ms)
		EndReloadAssembly (1344ms)
			LoadAssemblies (180ms)
			RebuildTransferFunctionScriptingTraits (0ms)
			SetupTypeCache (420ms)
			ReleaseScriptCaches (1ms)
			RebuildScriptCaches (66ms)
			SetupLoadedEditorAssemblies (428ms)
				LogAssemblyErrors (0ms)
				InitializePlatformSupportModulesInManaged (15ms)
				SetLoadedEditorAssemblies (1ms)
				RefreshPlugins (1ms)
				BeforeProcessingInitializeOnLoad (77ms)
				ProcessInitializeOnLoadAttributes (297ms)
				ProcessInitializeOnLoadMethodAttributes (33ms)
				AfterProcessingInitializeOnLoad (4ms)
				EditorAssembliesLoaded (0ms)
			ExecutionOrderSort2 (0ms)
			AwakeInstancesAfterBackupRestoration (21ms)
Platform modules already initialized, skipping
Switching build target platform(19) subTarget(0) extendedPlatform(0) -> platform(13) subTarget(0) extendedPlatform(0)
Refreshing native plugins compatible for Editor in 0.57 ms, found 3 plugins.
Preloading 0 native plugins for Editor in 0.00 ms.
Unloading 3224 Unused Serialized files (Serialized files now loaded: 0)
Unloading 21 unused Assets / (79.3 KB). Loaded Objects now: 3937.
Memory consumption went from 130.1 MB to 130.0 MB.
Total: 3.436400 ms (FindLiveObjects: 0.353700 ms CreateObjectMapping: 0.131600 ms MarkObjects: 2.840000 ms  DeleteObjects: 0.109500 ms)

AssetImportParameters requested are different than current active one (requested -> active):
  custom:video-decoder-ogg-theora: a1e56fd34408186e4bbccfd4996cb3dc -> 
  custom:container-muxer-webm: aa71ff27fc2769a1b78a27578f13a17b -> 
  custom:container-demuxer-webm: 4f35f7cbe854078d1ac9338744f61a02 -> 
  custom:video-encoder-webm-vp8: eb34c28f22e8b96e1ab97ce403110664 -> 
  custom:audio-encoder-webm-vorbis: bf7c407c2cedff20999df2af8eb42d56 -> 
  custom:framework-win-MediaFoundation: 216162199b28c13a410421893ffa2e32 -> 
  custom:container-demuxer-ogg: 62fdf1f143b41e24485cea50d1cbac27 -> 
  custom:video-decoder-webm-vp8: 9c59270c3fd7afecdb556c50c9e8de78 -> 
  custom:audio-decoder-ogg-vorbis: bf7c407c2cedff20999df2af8eb42d56 -> 
========================================================================
Received Prepare
Registering precompiled user dll's ...
Registered in 0.009889 seconds.
Begin MonoManager ReloadAssembly
Symbol file LoadedFromMemory doesn't match image E:\Games\Unity Projects\Test_Sistema_Solar\Library\PackageCache\com.unity.visualscripting@1.7.6\Editor\VisualScripting.Core\Dependencies\YamlDotNet\Unity.VisualScripting.YamlDotNet.dll
Symbol file LoadedFromMemory doesn't match image E:\Games\Unity Projects\Test_Sistema_Solar\Library\PackageCache\com.unity.visualscripting@1.7.6\Editor\VisualScripting.Core\Dependencies\DotNetZip\Unity.VisualScripting.IonicZip.dll
Native extension for WindowsStandalone target not found
Refreshing native plugins compatible for Editor in 0.79 ms, found 3 plugins.
Preloading 0 native plugins for Editor in 0.00 ms.
Package Manager log level set to [2]
Mono: successfully reloaded assembly
- Completed reload, in  1.387 seconds
Domain Reload Profiling:
	ReloadAssembly (1388ms)
		BeginReloadAssembly (214ms)
			ExecutionOrderSort (0ms)
			DisableScriptedObjects (13ms)
			BackupInstance (0ms)
			ReleaseScriptingObjects (0ms)
			CreateAndSetChildDomain (48ms)
		EndReloadAssembly (1039ms)
			LoadAssemblies (146ms)
			RebuildTransferFunctionScriptingTraits (0ms)
			SetupTypeCache (340ms)
			ReleaseScriptCaches (1ms)
			RebuildScriptCaches (69ms)
			SetupLoadedEditorAssemblies (418ms)
				LogAssemblyErrors (0ms)
				InitializePlatformSupportModulesInManaged (19ms)
				SetLoadedEditorAssemblies (1ms)
				RefreshPlugins (1ms)
				BeforeProcessingInitializeOnLoad (84ms)
				ProcessInitializeOnLoadAttributes (276ms)
				ProcessInitializeOnLoadMethodAttributes (34ms)
				AfterProcessingInitializeOnLoad (4ms)
				EditorAssembliesLoaded (0ms)
			ExecutionOrderSort2 (0ms)
			AwakeInstancesAfterBackupRestoration (16ms)
Platform modules already initialized, skipping
Switching build target platform(19) subTarget(0) extendedPlatform(0) -> platform(13) subTarget(0) extendedPlatform(0)
Refreshing native plugins compatible for Editor in 0.90 ms, found 3 plugins.
Preloading 0 native plugins for Editor in 0.00 ms.
Unloading 3509 Unused Serialized files (Serialized files now loaded: 0)
Unloading 21 unused Assets / (79.3 KB). Loaded Objects now: 4236.
Memory consumption went from 138.2 MB to 138.1 MB.
Total: 3.436700 ms (FindLiveObjects: 0.326300 ms CreateObjectMapping: 0.095200 ms MarkObjects: 2.917400 ms  DeleteObjects: 0.096000 ms)

AssetImportParameters requested are different than current active one (requested -> active):
  custom:video-decoder-ogg-theora: a1e56fd34408186e4bbccfd4996cb3dc -> 
  custom:container-muxer-webm: aa71ff27fc2769a1b78a27578f13a17b -> 
  custom:container-demuxer-webm: 4f35f7cbe854078d1ac9338744f61a02 -> 
  custom:video-encoder-webm-vp8: eb34c28f22e8b96e1ab97ce403110664 -> 
  custom:audio-encoder-webm-vorbis: bf7c407c2cedff20999df2af8eb42d56 -> 
  custom:framework-win-MediaFoundation: 216162199b28c13a410421893ffa2e32 -> 
  custom:container-demuxer-ogg: 62fdf1f143b41e24485cea50d1cbac27 -> 
  custom:video-decoder-webm-vp8: 9c59270c3fd7afecdb556c50c9e8de78 -> 
  custom:audio-decoder-ogg-vorbis: bf7c407c2cedff20999df2af8eb42d56 -> 
========================================================================
Received Prepare
Registering precompiled user dll's ...
Registered in 0.007156 seconds.
Begin MonoManager ReloadAssembly
Symbol file LoadedFromMemory doesn't match image E:\Games\Unity Projects\Test_Sistema_Solar\Library\PackageCache\com.unity.visualscripting@1.7.6\Editor\VisualScripting.Core\Dependencies\YamlDotNet\Unity.VisualScripting.YamlDotNet.dll
Symbol file LoadedFromMemory doesn't match image E:\Games\Unity Projects\Test_Sistema_Solar\Library\PackageCache\com.unity.visualscripting@1.7.6\Editor\VisualScripting.Core\Dependencies\DotNetZip\Unity.VisualScripting.IonicZip.dll
Native extension for WindowsStandalone target not found
Refreshing native plugins compatible for Editor in 0.85 ms, found 3 plugins.
Preloading 0 native plugins for Editor in 0.00 ms.
Mono: successfully reloaded assembly
- Completed reload, in  1.466 seconds
Domain Reload Profiling:
	ReloadAssembly (1467ms)
		BeginReloadAssembly (218ms)
			ExecutionOrderSort (0ms)
			DisableScriptedObjects (14ms)
			BackupInstance (0ms)
			ReleaseScriptingObjects (0ms)
			CreateAndSetChildDomain (52ms)
		EndReloadAssembly (1116ms)
			LoadAssemblies (149ms)
			RebuildTransferFunctionScriptingTraits (0ms)
			SetupTypeCache (374ms)
			ReleaseScriptCaches (2ms)
			RebuildScriptCaches (78ms)
			SetupLoadedEditorAssemblies (460ms)
				LogAssemblyErrors (0ms)
				InitializePlatformSupportModulesInManaged (16ms)
				SetLoadedEditorAssemblies (1ms)
				RefreshPlugins (1ms)
				BeforeProcessingInitializeOnLoad (83ms)
				ProcessInitializeOnLoadAttributes (323ms)
				ProcessInitializeOnLoadMethodAttributes (32ms)
				AfterProcessingInitializeOnLoad (4ms)
				EditorAssembliesLoaded (0ms)
			ExecutionOrderSort2 (0ms)
			AwakeInstancesAfterBackupRestoration (19ms)
Platform modules already initialized, skipping
Switching build target platform(19) subTarget(0) extendedPlatform(0) -> platform(13) subTarget(0) extendedPlatform(0)
Refreshing native plugins compatible for Editor in 0.96 ms, found 3 plugins.
Preloading 0 native plugins for Editor in 0.00 ms.
Unloading 3577 Unused Serialized files (Serialized files now loaded: 0)
Unloading 23 unused Assets / (96.0 KB). Loaded Objects now: 4306.
Memory consumption went from 140.2 MB to 140.1 MB.
Total: 3.334300 ms (FindLiveObjects: 0.330200 ms CreateObjectMapping: 0.094300 ms MarkObjects: 2.799600 ms  DeleteObjects: 0.108800 ms)

AssetImportParameters requested are different than current active one (requested -> active):
  custom:video-decoder-ogg-theora: a1e56fd34408186e4bbccfd4996cb3dc -> 
  custom:container-muxer-webm: aa71ff27fc2769a1b78a27578f13a17b -> 
  custom:container-demuxer-webm: 4f35f7cbe854078d1ac9338744f61a02 -> 
  custom:video-encoder-webm-vp8: eb34c28f22e8b96e1ab97ce403110664 -> 
  custom:audio-encoder-webm-vorbis: bf7c407c2cedff20999df2af8eb42d56 -> 
  custom:framework-win-MediaFoundation: 216162199b28c13a410421893ffa2e32 -> 
  custom:container-demuxer-ogg: 62fdf1f143b41e24485cea50d1cbac27 -> 
  custom:video-decoder-webm-vp8: 9c59270c3fd7afecdb556c50c9e8de78 -> 
  custom:audio-decoder-ogg-vorbis: bf7c407c2cedff20999df2af8eb42d56 -> 
========================================================================
Received Prepare
Refreshing native plugins compatible for Editor in 8.76 ms, found 3 plugins.
Preloading 0 native plugins for Editor in 0.00 ms.
Unloading 20 Unused Serialized files (Serialized files now loaded: 0)
Unloading 20 unused Assets / (93.6 KB). Loaded Objects now: 4306.
Memory consumption went from 68.8 MB to 68.7 MB.
Total: 4.853600 ms (FindLiveObjects: 0.424500 ms CreateObjectMapping: 0.289500 ms MarkObjects: 4.005700 ms  DeleteObjects: 0.132600 ms)

AssetImportParameters requested are different than current active one (requested -> active):
  custom:video-decoder-ogg-theora: a1e56fd34408186e4bbccfd4996cb3dc -> 
  custom:container-muxer-webm: aa71ff27fc2769a1b78a27578f13a17b -> 
  custom:container-demuxer-webm: 4f35f7cbe854078d1ac9338744f61a02 -> 
  custom:video-encoder-webm-vp8: eb34c28f22e8b96e1ab97ce403110664 -> 
  custom:audio-encoder-webm-vorbis: bf7c407c2cedff20999df2af8eb42d56 -> 
  custom:framework-win-MediaFoundation: 216162199b28c13a410421893ffa2e32 -> 
  custom:container-demuxer-ogg: 62fdf1f143b41e24485cea50d1cbac27 -> 
  custom:video-decoder-webm-vp8: 9c59270c3fd7afecdb556c50c9e8de78 -> 
  custom:audio-decoder-ogg-vorbis: bf7c407c2cedff20999df2af8eb42d56 -> 
========================================================================
Received Prepare
Refreshing native plugins compatible for Editor in 6.28 ms, found 3 plugins.
Preloading 0 native plugins for Editor in 0.00 ms.
Unloading 20 Unused Serialized files (Serialized files now loaded: 0)
Unloading 20 unused Assets / (93.5 KB). Loaded Objects now: 4306.
Memory consumption went from 68.8 MB to 68.7 MB.
Total: 5.972400 ms (FindLiveObjects: 0.400200 ms CreateObjectMapping: 0.552500 ms MarkObjects: 4.888100 ms  DeleteObjects: 0.130300 ms)

AssetImportParameters requested are different than current active one (requested -> active):
  graphicsApiMask: 2048 -> 2099200
  custom:video-decoder-ogg-theora: a1e56fd34408186e4bbccfd4996cb3dc -> 
  custom:container-muxer-webm: aa71ff27fc2769a1b78a27578f13a17b -> 
  custom:container-demuxer-webm: 4f35f7cbe854078d1ac9338744f61a02 -> 
  custom:video-encoder-webm-vp8: eb34c28f22e8b96e1ab97ce403110664 -> 
  custom:audio-encoder-webm-vorbis: bf7c407c2cedff20999df2af8eb42d56 -> 
  custom:framework-win-MediaFoundation: 216162199b28c13a410421893ffa2e32 -> 
  custom:container-demuxer-ogg: 62fdf1f143b41e24485cea50d1cbac27 -> 
  custom:video-decoder-webm-vp8: 9c59270c3fd7afecdb556c50c9e8de78 -> 
  custom:audio-decoder-ogg-vorbis: bf7c407c2cedff20999df2af8eb42d56 -> 
========================================================================
Received Prepare
Registering precompiled user dll's ...
Registered in 0.010956 seconds.
Begin MonoManager ReloadAssembly
Symbol file LoadedFromMemory doesn't match image E:\Games\Unity Projects\Test_Sistema_Solar\Library\PackageCache\com.unity.visualscripting@1.7.6\Editor\VisualScripting.Core\Dependencies\YamlDotNet\Unity.VisualScripting.YamlDotNet.dll
Symbol file LoadedFromMemory doesn't match image E:\Games\Unity Projects\Test_Sistema_Solar\Library\PackageCache\com.unity.visualscripting@1.7.6\Editor\VisualScripting.Core\Dependencies\DotNetZip\Unity.VisualScripting.IonicZip.dll
Native extension for WindowsStandalone target not found
Refreshing native plugins compatible for Editor in 0.81 ms, found 3 plugins.
Preloading 0 native plugins for Editor in 0.00 ms.
Mono: successfully reloaded assembly
- Completed reload, in  1.553 seconds
Domain Reload Profiling:
	ReloadAssembly (1554ms)
		BeginReloadAssembly (224ms)
			ExecutionOrderSort (0ms)
			DisableScriptedObjects (11ms)
			BackupInstance (0ms)
			ReleaseScriptingObjects (0ms)
			CreateAndSetChildDomain (45ms)
		EndReloadAssembly (1213ms)
			LoadAssemblies (156ms)
			RebuildTransferFunctionScriptingTraits (0ms)
			SetupTypeCache (360ms)
			ReleaseScriptCaches (1ms)
			RebuildScriptCaches (64ms)
			SetupLoadedEditorAssemblies (545ms)
				LogAssemblyErrors (0ms)
				InitializePlatformSupportModulesInManaged (16ms)
				SetLoadedEditorAssemblies (1ms)
				RefreshPlugins (1ms)
				BeforeProcessingInitializeOnLoad (88ms)
				ProcessInitializeOnLoadAttributes (391ms)
				ProcessInitializeOnLoadMethodAttributes (41ms)
				AfterProcessingInitializeOnLoad (8ms)
				EditorAssembliesLoaded (0ms)
			ExecutionOrderSort2 (0ms)
			AwakeInstancesAfterBackupRestoration (21ms)
Platform modules already initialized, skipping
Switching build target platform(19) subTarget(0) extendedPlatform(0) -> platform(13) subTarget(0) extendedPlatform(0)
Refreshing native plugins compatible for Editor in 1.68 ms, found 3 plugins.
Preloading 0 native plugins for Editor in 0.00 ms.
Unloading 3573 Unused Serialized files (Serialized files now loaded: 0)
Unloading 23 unused Assets / (96.1 KB). Loaded Objects now: 4309.
Memory consumption went from 140.2 MB to 140.1 MB.
Total: 20.254700 ms (FindLiveObjects: 0.633600 ms CreateObjectMapping: 0.628600 ms MarkObjects: 18.768200 ms  DeleteObjects: 0.222000 ms)

AssetImportParameters requested are different than current active one (requested -> active):
  graphicsApiMask: 2048 -> 2099200
  custom:video-decoder-ogg-theora: a1e56fd34408186e4bbccfd4996cb3dc -> 
  custom:container-muxer-webm: aa71ff27fc2769a1b78a27578f13a17b -> 
  custom:container-demuxer-webm: 4f35f7cbe854078d1ac9338744f61a02 -> 
  custom:video-encoder-webm-vp8: eb34c28f22e8b96e1ab97ce403110664 -> 
  custom:audio-encoder-webm-vorbis: bf7c407c2cedff20999df2af8eb42d56 -> 
  custom:framework-win-MediaFoundation: 216162199b28c13a410421893ffa2e32 -> 
  custom:container-demuxer-ogg: 62fdf1f143b41e24485cea50d1cbac27 -> 
  custom:video-decoder-webm-vp8: 9c59270c3fd7afecdb556c50c9e8de78 -> 
  custom:audio-decoder-ogg-vorbis: bf7c407c2cedff20999df2af8eb42d56 -> 
========================================================================
Received Import Request.
  Time since last request: 337.682432 seconds.
  path: Assets/Solar System/ImageTargets/Earth.jpg
  artifactKey: Guid(95df6e57c7ac7734d8ebe9aacfa32344) Importer(815301076,1909f56bfc062723c751e8b465ee728b)
Start importing Assets/Solar System/ImageTargets/Earth.jpg using Guid(95df6e57c7ac7734d8ebe9aacfa32344) Importer(815301076,1909f56bfc062723c751e8b465ee728b)  -> (artifact id: 'b49efd7f3b596d7f1fe2b18fb5d01ffe') in 0.301455 seconds 
========================================================================
Received Import Request.
  Time since last request: 0.000055 seconds.
  path: Assets/Solar System/ImageTargets/Sun.jpg
  artifactKey: Guid(7d32f48764918fa4a909b790b64a375e) Importer(815301076,1909f56bfc062723c751e8b465ee728b)
Start importing Assets/Solar System/ImageTargets/Sun.jpg using Guid(7d32f48764918fa4a909b790b64a375e) Importer(815301076,1909f56bfc062723c751e8b465ee728b)  -> (artifact id: '3c9c82ed4ef5ddde376d625d24b5df3d') in 0.159934 seconds 
========================================================================
Received Import Request.
  Time since last request: 0.000036 seconds.
  path: Assets/Solar System/ImageTargets/Neptune.jpg
  artifactKey: Guid(ac9dfb2bcc12a044985e48bc5ec2dc30) Importer(815301076,1909f56bfc062723c751e8b465ee728b)
Start importing Assets/Solar System/ImageTargets/Neptune.jpg using Guid(ac9dfb2bcc12a044985e48bc5ec2dc30) Importer(815301076,1909f56bfc062723c751e8b465ee728b)  -> (artifact id: 'f016372773cb5289f96d1a732c9b523b') in 0.217391 seconds 
========================================================================
Received Import Request.
  Time since last request: 35.745413 seconds.
  path: Assets/Solar System/ImageTargets/ReferenceImageLibrary.asset
  artifactKey: Guid(e6fca220ca9f3754698830f3cb8f5988) Importer(815301076,1909f56bfc062723c751e8b465ee728b)
Start importing Assets/Solar System/ImageTargets/ReferenceImageLibrary.asset using Guid(e6fca220ca9f3754698830f3cb8f5988) Importer(815301076,1909f56bfc062723c751e8b465ee728b)  -> (artifact id: '9b3c44761a213391535fb9f0720e1f6e') in 0.044369 seconds 
========================================================================
Received Import Request.
  Time since last request: 165.922841 seconds.
  path: Assets/Solar System/Scripts/PlanetRing.cs
  artifactKey: Guid(4a14b3e32f1ddfd408e83071da9a9ce2) Importer(815301076,1909f56bfc062723c751e8b465ee728b)
Start importing Assets/Solar System/Scripts/PlanetRing.cs using Guid(4a14b3e32f1ddfd408e83071da9a9ce2) Importer(815301076,1909f56bfc062723c751e8b465ee728b)  -> (artifact id: '799ebfbcfe456e4275ae28766eb288f3') in 0.040695 seconds 
========================================================================
Received Import Request.
  Time since last request: 9.793043 seconds.
  path: Assets/Solar System/Scripts
  artifactKey: Guid(46affccc0867c9647934e37164f9b97e) Importer(815301076,1909f56bfc062723c751e8b465ee728b)
Start importing Assets/Solar System/Scripts using Guid(46affccc0867c9647934e37164f9b97e) Importer(815301076,1909f56bfc062723c751e8b465ee728b)  -> (artifact id: 'b277c5247a45cf876073602f2094b5bf') in 0.013187 seconds 
========================================================================
Received Import Request.
  Time since last request: 14.112098 seconds.
  path: Assets/Solar System/Scripts/MultiTargetManager.cs
  artifactKey: Guid(ea025902886f13f40867580c5c1c0806) Importer(815301076,1909f56bfc062723c751e8b465ee728b)
Start importing Assets/Solar System/Scripts/MultiTargetManager.cs using Guid(ea025902886f13f40867580c5c1c0806) Importer(815301076,1909f56bfc062723c751e8b465ee728b)  -> (artifact id: '9eb446d63d177e8a4071a818c1b8f640') in 0.043304 seconds 
========================================================================
Received Prepare
Registering precompiled user dll's ...
Registered in 0.009550 seconds.
Begin MonoManager ReloadAssembly
Symbol file LoadedFromMemory doesn't match image E:\Games\Unity Projects\Test_Sistema_Solar\Library\PackageCache\com.unity.visualscripting@1.7.6\Editor\VisualScripting.Core\Dependencies\YamlDotNet\Unity.VisualScripting.YamlDotNet.dll
Symbol file LoadedFromMemory doesn't match image E:\Games\Unity Projects\Test_Sistema_Solar\Library\PackageCache\com.unity.visualscripting@1.7.6\Editor\VisualScripting.Core\Dependencies\DotNetZip\Unity.VisualScripting.IonicZip.dll
Native extension for WindowsStandalone target not found
Refreshing native plugins compatible for Editor in 0.61 ms, found 3 plugins.
Preloading 0 native plugins for Editor in 0.00 ms.
Mono: successfully reloaded assembly
- Completed reload, in  1.378 seconds
Domain Reload Profiling:
	ReloadAssembly (1379ms)
		BeginReloadAssembly (190ms)
			ExecutionOrderSort (0ms)
			DisableScriptedObjects (11ms)
			BackupInstance (0ms)
			ReleaseScriptingObjects (0ms)
			CreateAndSetChildDomain (37ms)
		EndReloadAssembly (1048ms)
			LoadAssemblies (134ms)
			RebuildTransferFunctionScriptingTraits (0ms)
			SetupTypeCache (409ms)
			ReleaseScriptCaches (1ms)
			RebuildScriptCaches (45ms)
			SetupLoadedEditorAssemblies (383ms)
				LogAssemblyErrors (0ms)
				InitializePlatformSupportModulesInManaged (13ms)
				SetLoadedEditorAssemblies (1ms)
				RefreshPlugins (1ms)
				BeforeProcessingInitializeOnLoad (77ms)
				ProcessInitializeOnLoadAttributes (255ms)
				ProcessInitializeOnLoadMethodAttributes (30ms)
				AfterProcessingInitializeOnLoad (6ms)
				EditorAssembliesLoaded (0ms)
			ExecutionOrderSort2 (0ms)
			AwakeInstancesAfterBackupRestoration (29ms)
Platform modules already initialized, skipping
Switching build target platform(19) subTarget(0) extendedPlatform(0) -> platform(13) subTarget(0) extendedPlatform(0)
Refreshing native plugins compatible for Editor in 0.98 ms, found 3 plugins.
Preloading 0 native plugins for Editor in 0.00 ms.
Unloading 3575 Unused Serialized files (Serialized files now loaded: 0)
Unloading 23 unused Assets / (96.1 KB). Loaded Objects now: 4361.
Memory consumption went from 141.9 MB to 141.8 MB.
Total: 4.261600 ms (FindLiveObjects: 0.356000 ms CreateObjectMapping: 0.101200 ms MarkObjects: 3.690600 ms  DeleteObjects: 0.112600 ms)

AssetImportParameters requested are different than current active one (requested -> active):
  custom:video-decoder-ogg-theora: a1e56fd34408186e4bbccfd4996cb3dc -> 
  custom:container-muxer-webm: aa71ff27fc2769a1b78a27578f13a17b -> 
  custom:container-demuxer-webm: 4f35f7cbe854078d1ac9338744f61a02 -> 
  custom:video-encoder-webm-vp8: eb34c28f22e8b96e1ab97ce403110664 -> 
  custom:audio-encoder-webm-vorbis: bf7c407c2cedff20999df2af8eb42d56 -> 
  custom:framework-win-MediaFoundation: 216162199b28c13a410421893ffa2e32 -> 
  custom:container-demuxer-ogg: 62fdf1f143b41e24485cea50d1cbac27 -> 
  custom:video-decoder-webm-vp8: 9c59270c3fd7afecdb556c50c9e8de78 -> 
  custom:audio-decoder-ogg-vorbis: bf7c407c2cedff20999df2af8eb42d56 -> 
========================================================================
Received Import Request.
  Time since last request: 83.270434 seconds.
  path: Assets/Solar System/Scripts/MultiTargetManager.cs
  artifactKey: Guid(ea025902886f13f40867580c5c1c0806) Importer(815301076,1909f56bfc062723c751e8b465ee728b)
Start importing Assets/Solar System/Scripts/MultiTargetManager.cs using Guid(ea025902886f13f40867580c5c1c0806) Importer(815301076,1909f56bfc062723c751e8b465ee728b)  -> (artifact id: '5fa790adf01d1814536033614e6712c6') in 0.012344 seconds 
========================================================================
Received Import Request.
  Time since last request: 1610.907302 seconds.
  path: Assets/Solar System/Scripts/MultiTargetManager.cs
  artifactKey: Guid(ea025902886f13f40867580c5c1c0806) Importer(815301076,1909f56bfc062723c751e8b465ee728b)
Start importing Assets/Solar System/Scripts/MultiTargetManager.cs using Guid(ea025902886f13f40867580c5c1c0806) Importer(815301076,1909f56bfc062723c751e8b465ee728b)  -> (artifact id: 'ea3ab1924a138f74d64a857a95a527f7') in 0.034479 seconds 
========================================================================
Received Prepare
Registering precompiled user dll's ...
Registered in 0.007023 seconds.
Begin MonoManager ReloadAssembly
Symbol file LoadedFromMemory doesn't match image E:\Games\Unity Projects\Test_Sistema_Solar\Library\PackageCache\com.unity.visualscripting@1.7.6\Editor\VisualScripting.Core\Dependencies\YamlDotNet\Unity.VisualScripting.YamlDotNet.dll
Symbol file LoadedFromMemory doesn't match image E:\Games\Unity Projects\Test_Sistema_Solar\Library\PackageCache\com.unity.visualscripting@1.7.6\Editor\VisualScripting.Core\Dependencies\DotNetZip\Unity.VisualScripting.IonicZip.dll
Native extension for WindowsStandalone target not found
Refreshing native plugins compatible for Editor in 0.63 ms, found 3 plugins.
Preloading 0 native plugins for Editor in 0.00 ms.
Mono: successfully reloaded assembly
- Completed reload, in  1.302 seconds
Domain Reload Profiling:
	ReloadAssembly (1303ms)
		BeginReloadAssembly (207ms)
			ExecutionOrderSort (0ms)
			DisableScriptedObjects (20ms)
			BackupInstance (0ms)
			ReleaseScriptingObjects (0ms)
			CreateAndSetChildDomain (41ms)
		EndReloadAssembly (980ms)
			LoadAssemblies (122ms)
			RebuildTransferFunctionScriptingTraits (0ms)
			SetupTypeCache (344ms)
			ReleaseScriptCaches (1ms)
			RebuildScriptCaches (50ms)
			SetupLoadedEditorAssemblies (393ms)
				LogAssemblyErrors (0ms)
				InitializePlatformSupportModulesInManaged (12ms)
				SetLoadedEditorAssemblies (1ms)
				RefreshPlugins (1ms)
				BeforeProcessingInitializeOnLoad (78ms)
				ProcessInitializeOnLoadAttributes (271ms)
				ProcessInitializeOnLoadMethodAttributes (26ms)
				AfterProcessingInitializeOnLoad (3ms)
				EditorAssembliesLoaded (0ms)
			ExecutionOrderSort2 (0ms)
			AwakeInstancesAfterBackupRestoration (21ms)
Platform modules already initialized, skipping
Switching build target platform(19) subTarget(0) extendedPlatform(0) -> platform(13) subTarget(0) extendedPlatform(0)
Refreshing native plugins compatible for Editor in 0.60 ms, found 3 plugins.
Preloading 0 native plugins for Editor in 0.00 ms.
Unloading 3574 Unused Serialized files (Serialized files now loaded: 0)
Unloading 23 unused Assets / (95.9 KB). Loaded Objects now: 4364.
Memory consumption went from 141.9 MB to 141.8 MB.
Total: 3.407300 ms (FindLiveObjects: 0.331400 ms CreateObjectMapping: 0.090500 ms MarkObjects: 2.809100 ms  DeleteObjects: 0.174500 ms)

AssetImportParameters requested are different than current active one (requested -> active):
  custom:video-decoder-ogg-theora: a1e56fd34408186e4bbccfd4996cb3dc -> 
  custom:container-muxer-webm: aa71ff27fc2769a1b78a27578f13a17b -> 
  custom:container-demuxer-webm: 4f35f7cbe854078d1ac9338744f61a02 -> 
  custom:video-encoder-webm-vp8: eb34c28f22e8b96e1ab97ce403110664 -> 
  custom:audio-encoder-webm-vorbis: bf7c407c2cedff20999df2af8eb42d56 -> 
  custom:framework-win-MediaFoundation: 216162199b28c13a410421893ffa2e32 -> 
  custom:container-demuxer-ogg: 62fdf1f143b41e24485cea50d1cbac27 -> 
  custom:video-decoder-webm-vp8: 9c59270c3fd7afecdb556c50c9e8de78 -> 
  custom:audio-decoder-ogg-vorbis: bf7c407c2cedff20999df2af8eb42d56 -> 
========================================================================
Received Import Request.
  Time since last request: 46.242518 seconds.
  path: Assets/Solar System/Materials/Earth.mat
  artifactKey: Guid(6a092d3d74406aa44a62014a6d82e427) Importer(815301076,1909f56bfc062723c751e8b465ee728b)
Start importing Assets/Solar System/Materials/Earth.mat using Guid(6a092d3d74406aa44a62014a6d82e427) Importer(815301076,1909f56bfc062723c751e8b465ee728b)  -> (artifact id: 'eda5db3fd1e64eb875102c779e0b8ac3') in 0.184118 seconds 
========================================================================
Received Import Request.
  Time since last request: 0.000056 seconds.
  path: Assets/Solar System/Materials/SaturnRing.mat
  artifactKey: Guid(48039d5059e16f540a016d10defe0c37) Importer(815301076,1909f56bfc062723c751e8b465ee728b)
Start importing Assets/Solar System/Materials/SaturnRing.mat using Guid(48039d5059e16f540a016d10defe0c37) Importer(815301076,1909f56bfc062723c751e8b465ee728b)  -> (artifact id: 'c90b3c9cbe113a9f4a09785de99d558d') in 0.361363 seconds 
========================================================================
Received Import Request.
  Time since last request: 0.000035 seconds.
  path: Assets/Solar System/Materials/Saturn.mat
  artifactKey: Guid(0fe25eb27e973a14285a70e46af4f8b8) Importer(815301076,1909f56bfc062723c751e8b465ee728b)
Start importing Assets/Solar System/Materials/Saturn.mat using Guid(0fe25eb27e973a14285a70e46af4f8b8) Importer(815301076,1909f56bfc062723c751e8b465ee728b)  -> (artifact id: '9fa866b039e22d26ce46ce430f3bc59a') in 0.163534 seconds 
========================================================================
Received Import Request.
  Time since last request: 0.000023 seconds.
  path: Assets/Solar System/Materials/Venus.mat
  artifactKey: Guid(1b0b8439d4f21c942841715d049c6c6f) Importer(815301076,1909f56bfc062723c751e8b465ee728b)
Start importing Assets/Solar System/Materials/Venus.mat using Guid(1b0b8439d4f21c942841715d049c6c6f) Importer(815301076,1909f56bfc062723c751e8b465ee728b)  -> (artifact id: 'cf01c9d6a94bd0d55f31b1d4f0284d8e') in 0.118657 seconds 
========================================================================
Received Import Request.
  Time since last request: 49.887755 seconds.
  path: Assets/Solar System/Prefabs/Saturn.prefab
  artifactKey: Guid(3a0233642dddcd2488d55ea52bdf6478) Importer(815301076,1909f56bfc062723c751e8b465ee728b)
Start importing Assets/Solar System/Prefabs/Saturn.prefab using Guid(3a0233642dddcd2488d55ea52bdf6478) Importer(815301076,1909f56bfc062723c751e8b465ee728b) SendMessage cannot be called during Awake, CheckConsistency, or OnValidate (Saturn Ring: OnMeshFilterChanged)
UnityEngine.StackTraceUtility:ExtractStackTrace ()
PlanetRing:SetUpRing () (at Assets/Solar System/Scripts/PlanetRing.cs:61)
PlanetRing:OnValidate () (at Assets/Solar System/Scripts/PlanetRing.cs:33)

[Assets/Solar System/Scripts/PlanetRing.cs line 61]

 -> (artifact id: '2cff29dc54742851619405a4f728937a') in 0.079251 seconds 
========================================================================
Received Prepare
Refreshing native plugins compatible for Editor in 5.72 ms, found 3 plugins.
Preloading 0 native plugins for Editor in 0.00 ms.
Unloading 20 Unused Serialized files (Serialized files now loaded: 0)
Unloading 19 unused Assets / (76.7 KB). Loaded Objects now: 4367.
Memory consumption went from 70.7 MB to 70.7 MB.
Total: 4.244400 ms (FindLiveObjects: 0.371800 ms CreateObjectMapping: 0.170000 ms MarkObjects: 3.515400 ms  DeleteObjects: 0.186100 ms)

AssetImportParameters requested are different than current active one (requested -> active):
  custom:video-decoder-ogg-theora: a1e56fd34408186e4bbccfd4996cb3dc -> 
  custom:container-muxer-webm: aa71ff27fc2769a1b78a27578f13a17b -> 
  custom:container-demuxer-webm: 4f35f7cbe854078d1ac9338744f61a02 -> 
  custom:video-encoder-webm-vp8: eb34c28f22e8b96e1ab97ce403110664 -> 
  custom:audio-encoder-webm-vorbis: bf7c407c2cedff20999df2af8eb42d56 -> 
  custom:framework-win-MediaFoundation: 216162199b28c13a410421893ffa2e32 -> 
  custom:container-demuxer-ogg: 62fdf1f143b41e24485cea50d1cbac27 -> 
  custom:video-decoder-webm-vp8: 9c59270c3fd7afecdb556c50c9e8de78 -> 
  custom:audio-decoder-ogg-vorbis: bf7c407c2cedff20999df2af8eb42d56 -> 
